<?xml version="1.0" encoding="UTF-8"?>
<testsuite name="LibraryTest" tests="1" skipped="0" failures="0" errors="0" timestamp="2017-05-10T10:34:28" hostname="muszkie-muszkie" time="0.001">
  <properties/>
  <testcase name="testSomeLibraryMethod" classname="LibraryTest" time="0.001"/>
  <system-out><![CDATA[test_01
test_11
test_21
test_31
test_41
test_51
test_61
test_71
test_81
test_91
test_101
test_111
test_121
test_131
test_141
test_151
test_161
test_171
test_181
test_191
test_201
test_211
test_221
test_231
test_241
test_251
test_261
test_271
test_281
test_291
test_301
test_311
test_321
test_331
test_341
test_351
test_361
test_371
test_381
test_391
test_401
test_411
test_421
test_431
test_441
test_451
test_461
test_471
test_481
test_491
test_501
test_511
test_521
test_531
test_541
test_551
test_561
test_571
test_581
test_591
test_601
test_611
test_621
test_631
test_641
test_651
test_661
test_671
test_681
test_691
test_701
test_711
test_721
test_731
test_741
test_751
test_761
test_771
test_781
test_791
test_801
test_811
test_821
test_831
test_841
test_851
test_861
test_871
test_881
test_891
test_901
test_911
test_921
test_931
test_941
test_951
test_961
test_971
test_981
test_991
test_1001
test_1011
test_1021
test_1031
test_1041
test_1051
test_1061
test_1071
test_1081
test_1091
test_1101
test_1111
test_1121
test_1131
test_1141
test_1151
test_1161
test_1171
test_1181
test_1191
test_1201
test_1211
test_1221
test_1231
test_1241
test_1251
test_1261
test_1271
test_1281
test_1291
test_1301
test_1311
test_1321
test_1331
test_1341
test_1351
test_1361
test_1371
test_1381
test_1391
test_1401
test_1411
test_1421
test_1431
test_1441
test_1451
test_1461
test_1471
test_1481
test_1491
test_1501
test_1511
test_1521
test_1531
test_1541
test_1551
test_1561
test_1571
test_1581
test_1591
test_1601
test_1611
test_1621
test_1631
test_1641
test_1651
test_1661
test_1671
test_1681
test_1691
test_1701
test_1711
test_1721
test_1731
test_1741
test_1751
test_1761
test_1771
test_1781
test_1791
test_1801
test_1811
test_1821
test_1831
test_1841
test_1851
test_1861
test_1871
test_1881
test_1891
test_1901
test_1911
test_1921
test_1931
test_1941
test_1951
test_1961
test_1971
test_1981
test_1991
test_2001
test_2011
test_2021
test_2031
test_2041
test_2051
test_2061
test_2071
test_2081
test_2091
test_2101
test_2111
test_2121
test_2131
test_2141
test_2151
test_2161
test_2171
test_2181
test_2191
test_2201
test_2211
test_2221
test_2231
test_2241
test_2251
test_2261
test_2271
test_2281
test_2291
test_2301
test_2311
test_2321
test_2331
test_2341
test_2351
test_2361
test_2371
test_2381
test_2391
test_2401
test_2411
test_2421
test_2431
test_2441
test_2451
test_2461
test_2471
test_2481
test_2491
test_2501
test_2511
test_2521
test_2531
test_2541
test_2551
test_2561
test_2571
test_2581
test_2591
test_2601
test_2611
test_2621
test_2631
test_2641
test_2651
test_2661
test_2671
test_2681
test_2691
test_2701
test_2711
test_2721
test_2731
test_2741
test_2751
test_2761
test_2771
test_2781
test_2791
test_2801
test_2811
test_2821
test_2831
test_2841
test_2851
test_2861
test_2871
test_2881
test_2891
test_2901
test_2911
test_2921
test_2931
test_2941
test_2951
test_2961
test_2971
test_2981
test_2991
test_3001
test_3011
test_3021
test_3031
test_3041
test_3051
test_3061
test_3071
test_3081
test_3091
test_3101
test_3111
test_3121
test_3131
test_3141
test_3151
test_3161
test_3171
test_3181
test_3191
test_3201
test_3211
test_3221
test_3231
test_3241
test_3251
test_3261
test_3271
test_3281
test_3291
test_3301
test_3311
test_3321
test_3331
test_3341
test_3351
test_3361
test_3371
test_3381
test_3391
test_3401
test_3411
test_3421
test_3431
test_3441
test_3451
test_3461
test_3471
test_3481
test_3491
test_3501
test_3511
test_3521
test_3531
test_3541
test_3551
test_3561
test_3571
test_3581
test_3591
test_3601
test_3611
test_3621
test_3631
test_3641
test_3651
test_3661
test_3671
test_3681
test_3691
test_3701
test_3711
test_3721
test_3731
test_3741
test_3751
test_3761
test_3771
test_3781
test_3791
test_3801
test_3811
test_3821
test_3831
test_3841
test_3851
test_3861
test_3871
test_3881
test_3891
test_3901
test_3911
test_3921
test_3931
test_3941
test_3951
test_3961
test_3971
test_3981
test_3991
test_4001
test_4011
test_4021
test_4031
test_4041
test_4051
test_4061
test_4071
test_4081
test_4091
test_4101
test_4111
test_4121
test_4131
test_4141
test_4151
test_4161
test_4171
test_4181
test_4191
test_4201
test_4211
test_4221
test_4231
test_4241
test_4251
test_4261
test_4271
test_4281
test_4291
test_4301
test_4311
test_4321
test_4331
test_4341
test_4351
test_4361
test_4371
test_4381
test_4391
test_4401
test_4411
test_4421
test_4431
test_4441
test_4451
test_4461
test_4471
test_4481
test_4491
test_4501
test_4511
test_4521
test_4531
test_4541
test_4551
test_4561
test_4571
test_4581
test_4591
test_4601
test_4611
test_4621
test_4631
test_4641
test_4651
test_4661
test_4671
test_4681
test_4691
test_4701
test_4711
test_4721
test_4731
test_4741
test_4751
test_4761
test_4771
test_4781
test_4791
test_4801
test_4811
test_4821
test_4831
test_4841
test_4851
test_4861
test_4871
test_4881
test_4891
test_4901
test_4911
test_4921
test_4931
test_4941
test_4951
test_4961
test_4971
test_4981
test_4991
test_5001
test_5011
test_5021
test_5031
test_5041
test_5051
test_5061
test_5071
test_5081
test_5091
test_5101
test_5111
test_5121
test_5131
test_5141
test_5151
test_5161
test_5171
test_5181
test_5191
test_5201
test_5211
test_5221
test_5231
test_5241
test_5251
test_5261
test_5271
test_5281
test_5291
test_5301
test_5311
test_5321
test_5331
test_5341
test_5351
test_5361
test_5371
test_5381
test_5391
test_5401
test_5411
test_5421
test_5431
test_5441
test_5451
test_5461
test_5471
test_5481
test_5491
test_5501
test_5511
test_5521
test_5531
test_5541
test_5551
test_5561
test_5571
test_5581
test_5591
test_5601
test_5611
test_5621
test_5631
test_5641
test_5651
test_5661
test_5671
test_5681
test_5691
test_5701
test_5711
test_5721
test_5731
test_5741
test_5751
test_5761
test_5771
test_5781
test_5791
test_5801
test_5811
test_5821
test_5831
test_5841
test_5851
test_5861
test_5871
test_5881
test_5891
test_5901
test_5911
test_5921
test_5931
test_5941
test_5951
test_5961
test_5971
test_5981
test_5991
test_6001
test_6011
test_6021
test_6031
test_6041
test_6051
test_6061
test_6071
test_6081
test_6091
test_6101
test_6111
test_6121
test_6131
test_6141
test_6151
test_6161
test_6171
test_6181
test_6191
test_6201
test_6211
test_6221
test_6231
test_6241
test_6251
test_6261
test_6271
test_6281
test_6291
test_6301
test_6311
test_6321
test_6331
test_6341
test_6351
test_6361
test_6371
test_6381
test_6391
test_6401
test_6411
test_6421
test_6431
test_6441
test_6451
test_6461
test_6471
test_6481
test_6491
test_6501
test_6511
test_6521
test_6531
test_6541
test_6551
test_6561
test_6571
test_6581
test_6591
test_6601
test_6611
test_6621
test_6631
test_6641
test_6651
test_6661
test_6671
test_6681
test_6691
test_6701
test_6711
test_6721
test_6731
test_6741
test_6751
test_6761
test_6771
test_6781
test_6791
test_6801
test_6811
test_6821
test_6831
test_6841
test_6851
test_6861
test_6871
test_6881
test_6891
test_6901
test_6911
test_6921
test_6931
test_6941
test_6951
test_6961
test_6971
test_6981
test_6991
test_7001
test_7011
test_7021
test_7031
test_7041
test_7051
test_7061
test_7071
test_7081
test_7091
test_7101
test_7111
test_7121
test_7131
test_7141
test_7151
test_7161
test_7171
test_7181
test_7191
test_7201
test_7211
test_7221
test_7231
test_7241
test_7251
test_7261
test_7271
test_7281
test_7291
test_7301
test_7311
test_7321
test_7331
test_7341
test_7351
test_7361
test_7371
test_7381
test_7391
test_7401
test_7411
test_7421
test_7431
test_7441
test_7451
test_7461
test_7471
test_7481
test_7491
test_7501
test_7511
test_7521
test_7531
test_7541
test_7551
test_7561
test_7571
test_7581
test_7591
test_7601
test_7611
test_7621
test_7631
test_7641
test_7651
test_7661
test_7671
test_7681
test_7691
test_7701
test_7711
test_7721
test_7731
test_7741
test_7751
test_7761
test_7771
test_7781
test_7791
test_7801
test_7811
test_7821
test_7831
test_7841
test_7851
test_7861
test_7871
test_7881
test_7891
test_7901
test_7911
test_7921
test_7931
test_7941
test_7951
test_7961
test_7971
test_7981
test_7991
test_8001
test_8011
test_8021
test_8031
test_8041
test_8051
test_8061
test_8071
test_8081
test_8091
test_8101
test_8111
test_8121
test_8131
test_8141
test_8151
test_8161
test_8171
test_8181
test_8191
test_8201
test_8211
test_8221
test_8231
test_8241
test_8251
test_8261
test_8271
test_8281
test_8291
test_8301
test_8311
test_8321
test_8331
test_8341
test_8351
test_8361
test_8371
test_8381
test_8391
test_8401
test_8411
test_8421
test_8431
test_8441
test_8451
test_8461
test_8471
test_8481
test_8491
test_8501
test_8511
test_8521
test_8531
test_8541
test_8551
test_8561
test_8571
test_8581
test_8591
test_8601
test_8611
test_8621
test_8631
test_8641
test_8651
test_8661
test_8671
test_8681
test_8691
test_8701
test_8711
test_8721
test_8731
test_8741
test_8751
test_8761
test_8771
test_8781
test_8791
test_8801
test_8811
test_8821
test_8831
test_8841
test_8851
test_8861
test_8871
test_8881
test_8891
test_8901
test_8911
test_8921
test_8931
test_8941
test_8951
test_8961
test_8971
test_8981
test_8991
test_9001
test_9011
test_9021
test_9031
test_9041
test_9051
test_9061
test_9071
test_9081
test_9091
test_9101
test_9111
test_9121
test_9131
test_9141
test_9151
test_9161
test_9171
test_9181
test_9191
test_9201
test_9211
test_9221
test_9231
test_9241
test_9251
test_9261
test_9271
test_9281
test_9291
test_9301
test_9311
test_9321
test_9331
test_9341
test_9351
test_9361
test_9371
test_9381
test_9391
test_9401
test_9411
test_9421
test_9431
test_9441
test_9451
test_9461
test_9471
test_9481
test_9491
test_9501
test_9511
test_9521
test_9531
test_9541
test_9551
test_9561
test_9571
test_9581
test_9591
test_9601
test_9611
test_9621
test_9631
test_9641
test_9651
test_9661
test_9671
test_9681
test_9691
test_9701
test_9711
test_9721
test_9731
test_9741
test_9751
test_9761
test_9771
test_9781
test_9791
test_9801
test_9811
test_9821
test_9831
test_9841
test_9851
test_9861
test_9871
test_9881
test_9891
test_9901
test_9911
test_9921
test_9931
test_9941
test_9951
test_9961
test_9971
test_9981
test_9991
test_10001
test_10011
test_10021
test_10031
test_10041
test_10051
test_10061
test_10071
test_10081
test_10091
test_10101
test_10111
test_10121
test_10131
test_10141
test_10151
test_10161
test_10171
test_10181
test_10191
test_10201
test_10211
test_10221
test_10231
test_10241
test_10251
test_10261
test_10271
test_10281
test_10291
test_10301
test_10311
test_10321
test_10331
test_10341
test_10351
test_10361
test_10371
test_10381
test_10391
test_10401
test_10411
test_10421
test_10431
test_10441
test_10451
test_10461
test_10471
test_10481
test_10491
test_10501
test_10511
test_10521
test_10531
test_10541
test_10551
test_10561
test_10571
test_10581
test_10591
test_10601
test_10611
test_10621
test_10631
test_10641
test_10651
test_10661
test_10671
test_10681
test_10691
test_10701
test_10711
test_10721
test_10731
test_10741
test_10751
test_10761
test_10771
test_10781
test_10791
test_10801
test_10811
test_10821
test_10831
test_10841
test_10851
test_10861
test_10871
test_10881
test_10891
test_10901
test_10911
test_10921
test_10931
test_10941
test_10951
test_10961
test_10971
test_10981
test_10991
test_11001
test_11011
test_11021
test_11031
test_11041
test_11051
test_11061
test_11071
test_11081
test_11091
test_11101
test_11111
test_11121
test_11131
test_11141
test_11151
test_11161
test_11171
test_11181
test_11191
test_11201
test_11211
test_11221
test_11231
test_11241
test_11251
test_11261
test_11271
test_11281
test_11291
test_11301
test_11311
test_11321
test_11331
test_11341
test_11351
test_11361
test_11371
test_11381
test_11391
test_11401
test_11411
test_11421
test_11431
test_11441
test_11451
test_11461
test_11471
test_11481
test_11491
test_11501
test_11511
test_11521
test_11531
test_11541
test_11551
test_11561
test_11571
test_11581
test_11591
test_11601
test_11611
test_11621
test_11631
test_11641
test_11651
test_11661
test_11671
test_11681
test_11691
test_11701
test_11711
test_11721
test_11731
test_11741
test_11751
test_11761
test_11771
test_11781
test_11791
test_11801
test_11811
test_11821
test_11831
test_11841
test_11851
test_11861
test_11871
test_11881
test_11891
test_11901
test_11911
test_11921
test_11931
test_11941
test_11951
test_11961
test_11971
test_11981
test_11991
test_12001
test_12011
test_12021
test_12031
test_12041
test_12051
test_12061
test_12071
test_12081
test_12091
test_12101
test_12111
test_12121
test_12131
test_12141
test_12151
test_12161
test_12171
test_12181
test_12191
test_12201
test_12211
test_12221
test_12231
test_12241
test_12251
test_12261
test_12271
test_12281
test_12291
test_12301
test_12311
test_12321
test_12331
test_12341
test_12351
test_12361
test_12371
test_12381
test_12391
test_12401
test_12411
test_12421
test_12431
test_12441
test_12451
test_12461
test_12471
test_12481
test_12491
test_12501
test_12511
test_12521
test_12531
test_12541
test_12551
test_12561
test_12571
test_12581
test_12591
test_12601
test_12611
test_12621
test_12631
test_12641
test_12651
test_12661
test_12671
test_12681
test_12691
test_12701
test_12711
test_12721
test_12731
test_12741
test_12751
test_12761
test_12771
test_12781
test_12791
test_12801
test_12811
test_12821
test_12831
test_12841
test_12851
test_12861
test_12871
test_12881
test_12891
test_12901
test_12911
test_12921
test_12931
test_12941
test_12951
test_12961
test_12971
test_12981
test_12991
test_13001
test_13011
test_13021
test_13031
test_13041
test_13051
test_13061
test_13071
test_13081
test_13091
test_13101
test_13111
test_13121
test_13131
test_13141
test_13151
test_13161
test_13171
test_13181
test_13191
test_13201
test_13211
test_13221
test_13231
test_13241
test_13251
test_13261
test_13271
test_13281
test_13291
test_13301
test_13311
test_13321
test_13331
test_13341
test_13351
test_13361
test_13371
test_13381
test_13391
test_13401
test_13411
test_13421
test_13431
test_13441
test_13451
test_13461
test_13471
test_13481
test_13491
test_13501
test_13511
test_13521
test_13531
test_13541
test_13551
test_13561
test_13571
test_13581
test_13591
test_13601
test_13611
test_13621
test_13631
test_13641
test_13651
test_13661
test_13671
test_13681
test_13691
test_13701
test_13711
test_13721
test_13731
test_13741
test_13751
test_13761
test_13771
test_13781
test_13791
test_13801
test_13811
test_13821
test_13831
test_13841
test_13851
test_13861
test_13871
test_13881
test_13891
test_13901
test_13911
test_13921
test_13931
test_13941
test_13951
test_13961
test_13971
test_13981
test_13991
test_14001
test_14011
test_14021
test_14031
test_14041
test_14051
test_14061
test_14071
test_14081
test_14091
test_14101
test_14111
test_14121
test_14131
test_14141
test_14151
test_14161
test_14171
test_14181
test_14191
test_14201
test_14211
test_14221
test_14231
test_14241
test_14251
test_14261
test_14271
test_14281
test_14291
test_14301
test_14311
test_14321
test_14331
test_14341
test_14351
test_14361
test_14371
test_14381
test_14391
test_14401
test_14411
test_14421
test_14431
test_14441
test_14451
test_14461
test_14471
test_14481
test_14491
test_14501
test_14511
test_14521
test_14531
test_14541
test_14551
test_14561
test_14571
test_14581
test_14591
test_14601
test_14611
test_14621
test_14631
test_14641
test_14651
test_14661
test_14671
test_14681
test_14691
test_14701
test_14711
test_14721
test_14731
test_14741
test_14751
test_14761
test_14771
test_14781
test_14791
test_14801
test_14811
test_14821
test_14831
test_14841
test_14851
test_14861
test_14871
test_14881
test_14891
test_14901
test_14911
test_14921
test_14931
test_14941
test_14951
test_14961
test_14971
test_14981
test_14991
test_15001
test_15011
test_15021
test_15031
test_15041
test_15051
test_15061
test_15071
test_15081
test_15091
test_15101
test_15111
test_15121
test_15131
test_15141
test_15151
test_15161
test_15171
test_15181
test_15191
test_15201
test_15211
test_15221
test_15231
test_15241
test_15251
test_15261
test_15271
test_15281
test_15291
test_15301
test_15311
test_15321
test_15331
test_15341
test_15351
test_15361
test_15371
test_15381
test_15391
test_15401
test_15411
test_15421
test_15431
test_15441
test_15451
test_15461
test_15471
test_15481
test_15491
test_15501
test_15511
test_15521
test_15531
test_15541
test_15551
test_15561
test_15571
test_15581
test_15591
test_15601
test_15611
test_15621
test_15631
test_15641
test_15651
test_15661
test_15671
test_15681
test_15691
test_15701
test_15711
test_15721
test_15731
test_15741
test_15751
test_15761
test_15771
test_15781
test_15791
test_15801
test_15811
test_15821
test_15831
test_15841
test_15851
test_15861
test_15871
test_15881
test_15891
test_15901
test_15911
test_15921
test_15931
test_15941
test_15951
test_15961
test_15971
test_15981
test_15991
test_16001
test_16011
test_16021
test_16031
test_16041
test_16051
test_16061
test_16071
test_16081
test_16091
test_16101
test_16111
test_16121
test_16131
test_16141
test_16151
test_16161
test_16171
test_16181
test_16191
test_16201
test_16211
test_16221
test_16231
test_16241
test_16251
test_16261
test_16271
test_16281
test_16291
test_16301
test_16311
test_16321
test_16331
test_16341
test_16351
test_16361
test_16371
test_16381
test_16391
test_16401
test_16411
test_16421
test_16431
test_16441
test_16451
test_16461
test_16471
test_16481
test_16491
test_16501
test_16511
test_16521
test_16531
test_16541
test_16551
test_16561
test_16571
test_16581
test_16591
test_16601
test_16611
test_16621
test_16631
test_16641
test_16651
test_16661
test_16671
test_16681
test_16691
test_16701
test_16711
test_16721
test_16731
test_16741
test_16751
test_16761
test_16771
test_16781
test_16791
test_16801
test_16811
test_16821
test_16831
test_16841
test_16851
test_16861
test_16871
test_16881
test_16891
test_16901
test_16911
test_16921
test_16931
test_16941
test_16951
test_16961
test_16971
test_16981
test_16991
test_17001
test_17011
test_17021
test_17031
test_17041
test_17051
test_17061
test_17071
test_17081
test_17091
test_17101
test_17111
test_17121
test_17131
test_17141
test_17151
test_17161
test_17171
test_17181
test_17191
test_17201
test_17211
test_17221
test_17231
test_17241
test_17251
test_17261
test_17271
test_17281
test_17291
test_17301
test_17311
test_17321
test_17331
test_17341
test_17351
test_17361
test_17371
test_17381
test_17391
test_17401
test_17411
test_17421
test_17431
test_17441
test_17451
test_17461
test_17471
test_17481
test_17491
test_17501
test_17511
test_17521
test_17531
test_17541
test_17551
test_17561
test_17571
test_17581
test_17591
test_17601
test_17611
test_17621
test_17631
test_17641
test_17651
test_17661
test_17671
test_17681
test_17691
test_17701
test_17711
test_17721
test_17731
test_17741
test_17751
test_17761
test_17771
test_17781
test_17791
test_17801
test_17811
test_17821
test_17831
test_17841
test_17851
test_17861
test_17871
test_17881
test_17891
test_17901
test_17911
test_17921
test_17931
test_17941
test_17951
test_17961
test_17971
test_17981
test_17991
test_18001
test_18011
test_18021
test_18031
test_18041
test_18051
test_18061
test_18071
test_18081
test_18091
test_18101
test_18111
test_18121
test_18131
test_18141
test_18151
test_18161
test_18171
test_18181
test_18191
test_18201
test_18211
test_18221
test_18231
test_18241
test_18251
test_18261
test_18271
test_18281
test_18291
test_18301
test_18311
test_18321
test_18331
test_18341
test_18351
test_18361
test_18371
test_18381
test_18391
test_18401
test_18411
test_18421
test_18431
test_18441
test_18451
test_18461
test_18471
test_18481
test_18491
test_18501
test_18511
test_18521
test_18531
test_18541
test_18551
test_18561
test_18571
test_18581
test_18591
test_18601
test_18611
test_18621
test_18631
test_18641
test_18651
test_18661
test_18671
test_18681
test_18691
test_18701
test_18711
test_18721
test_18731
test_18741
test_18751
test_18761
test_18771
test_18781
test_18791
test_18801
test_18811
test_18821
test_18831
test_18841
test_18851
test_18861
test_18871
test_18881
test_18891
test_18901
test_18911
test_18921
test_18931
test_18941
test_18951
test_18961
test_18971
test_18981
test_18991
test_19001
test_19011
test_19021
test_19031
test_19041
test_19051
test_19061
test_19071
test_19081
test_19091
test_19101
test_19111
test_19121
test_19131
test_19141
test_19151
test_19161
test_19171
test_19181
test_19191
test_19201
test_19211
test_19221
test_19231
test_19241
test_19251
test_19261
test_19271
test_19281
test_19291
test_19301
test_19311
test_19321
test_19331
test_19341
test_19351
test_19361
test_19371
test_19381
test_19391
test_19401
test_19411
test_19421
test_19431
test_19441
test_19451
test_19461
test_19471
test_19481
test_19491
test_19501
test_19511
test_19521
test_19531
test_19541
test_19551
test_19561
test_19571
test_19581
test_19591
test_19601
test_19611
test_19621
test_19631
test_19641
test_19651
test_19661
test_19671
test_19681
test_19691
test_19701
test_19711
test_19721
test_19731
test_19741
test_19751
test_19761
test_19771
test_19781
test_19791
test_19801
test_19811
test_19821
test_19831
test_19841
test_19851
test_19861
test_19871
test_19881
test_19891
test_19901
test_19911
test_19921
test_19931
test_19941
test_19951
test_19961
test_19971
test_19981
test_19991
test_20001
test_20011
test_20021
test_20031
test_20041
test_20051
test_20061
test_20071
test_20081
test_20091
test_20101
test_20111
test_20121
test_20131
test_20141
test_20151
test_20161
test_20171
test_20181
test_20191
test_20201
test_20211
test_20221
test_20231
test_20241
test_20251
test_20261
test_20271
test_20281
test_20291
test_20301
test_20311
test_20321
test_20331
test_20341
test_20351
test_20361
test_20371
test_20381
test_20391
test_20401
test_20411
test_20421
test_20431
test_20441
test_20451
test_20461
test_20471
test_20481
test_20491
test_20501
test_20511
test_20521
test_20531
test_20541
test_20551
test_20561
test_20571
test_20581
test_20591
test_20601
test_20611
test_20621
test_20631
test_20641
test_20651
test_20661
test_20671
test_20681
test_20691
test_20701
test_20711
test_20721
test_20731
test_20741
test_20751
test_20761
test_20771
test_20781
test_20791
test_20801
test_20811
test_20821
test_20831
test_20841
test_20851
test_20861
test_20871
test_20881
test_20891
test_20901
test_20911
test_20921
test_20931
test_20941
test_20951
test_20961
test_20971
test_20981
test_20991
test_21001
test_21011
test_21021
test_21031
test_21041
test_21051
test_21061
test_21071
test_21081
test_21091
test_21101
test_21111
test_21121
test_21131
test_21141
test_21151
test_21161
test_21171
test_21181
test_21191
test_21201
test_21211
test_21221
test_21231
test_21241
test_21251
test_21261
test_21271
test_21281
test_21291
test_21301
test_21311
test_21321
test_21331
test_21341
test_21351
test_21361
test_21371
test_21381
test_21391
test_21401
test_21411
test_21421
test_21431
test_21441
test_21451
test_21461
test_21471
test_21481
test_21491
test_21501
test_21511
test_21521
test_21531
test_21541
test_21551
test_21561
test_21571
test_21581
test_21591
test_21601
test_21611
test_21621
test_21631
test_21641
test_21651
test_21661
test_21671
test_21681
test_21691
test_21701
test_21711
test_21721
test_21731
test_21741
test_21751
test_21761
test_21771
test_21781
test_21791
test_21801
test_21811
test_21821
test_21831
test_21841
test_21851
test_21861
test_21871
test_21881
test_21891
test_21901
test_21911
test_21921
test_21931
test_21941
test_21951
test_21961
test_21971
test_21981
test_21991
test_22001
test_22011
test_22021
test_22031
test_22041
test_22051
test_22061
test_22071
test_22081
test_22091
test_22101
test_22111
test_22121
test_22131
test_22141
test_22151
test_22161
test_22171
test_22181
test_22191
test_22201
test_22211
test_22221
test_22231
test_22241
test_22251
test_22261
test_22271
test_22281
test_22291
test_22301
test_22311
test_22321
test_22331
test_22341
test_22351
test_22361
test_22371
test_22381
test_22391
test_22401
test_22411
test_22421
test_22431
test_22441
test_22451
test_22461
test_22471
test_22481
test_22491
test_22501
test_22511
test_22521
test_22531
test_22541
test_22551
test_22561
test_22571
test_22581
test_22591
test_22601
test_22611
test_22621
test_22631
test_22641
test_22651
test_22661
test_22671
test_22681
test_22691
test_22701
test_22711
test_22721
test_22731
test_22741
test_22751
test_22761
test_22771
test_22781
test_22791
test_22801
test_22811
test_22821
test_22831
test_22841
test_22851
test_22861
test_22871
test_22881
test_22891
test_22901
test_22911
test_22921
test_22931
test_22941
test_22951
test_22961
test_22971
test_22981
test_22991
test_23001
test_23011
test_23021
test_23031
test_23041
test_23051
test_23061
test_23071
test_23081
test_23091
test_23101
test_23111
test_23121
test_23131
test_23141
test_23151
test_23161
test_23171
test_23181
test_23191
test_23201
test_23211
test_23221
test_23231
test_23241
test_23251
test_23261
test_23271
test_23281
test_23291
test_23301
test_23311
test_23321
test_23331
test_23341
test_23351
test_23361
test_23371
test_23381
test_23391
test_23401
test_23411
test_23421
test_23431
test_23441
test_23451
test_23461
test_23471
test_23481
test_23491
test_23501
test_23511
test_23521
test_23531
test_23541
test_23551
test_23561
test_23571
test_23581
test_23591
test_23601
test_23611
test_23621
test_23631
test_23641
test_23651
test_23661
test_23671
test_23681
test_23691
test_23701
test_23711
test_23721
test_23731
test_23741
test_23751
test_23761
test_23771
test_23781
test_23791
test_23801
test_23811
test_23821
test_23831
test_23841
test_23851
test_23861
test_23871
test_23881
test_23891
test_23901
test_23911
test_23921
test_23931
test_23941
test_23951
test_23961
test_23971
test_23981
test_23991
test_24001
test_24011
test_24021
test_24031
test_24041
test_24051
test_24061
test_24071
test_24081
test_24091
test_24101
test_24111
test_24121
test_24131
test_24141
test_24151
test_24161
test_24171
test_24181
test_24191
test_24201
test_24211
test_24221
test_24231
test_24241
test_24251
test_24261
test_24271
test_24281
test_24291
test_24301
test_24311
test_24321
test_24331
test_24341
test_24351
test_24361
test_24371
test_24381
test_24391
test_24401
test_24411
test_24421
test_24431
test_24441
test_24451
test_24461
test_24471
test_24481
test_24491
test_24501
test_24511
test_24521
test_24531
test_24541
test_24551
test_24561
test_24571
test_24581
test_24591
test_24601
test_24611
test_24621
test_24631
test_24641
test_24651
test_24661
test_24671
test_24681
test_24691
test_24701
test_24711
test_24721
test_24731
test_24741
test_24751
test_24761
test_24771
test_24781
test_24791
test_24801
test_24811
test_24821
test_24831
test_24841
test_24851
test_24861
test_24871
test_24881
test_24891
test_24901
test_24911
test_24921
test_24931
test_24941
test_24951
test_24961
test_24971
test_24981
test_24991
test_25001
test_25011
test_25021
test_25031
test_25041
test_25051
test_25061
test_25071
test_25081
test_25091
test_25101
test_25111
test_25121
test_25131
test_25141
test_25151
test_25161
test_25171
test_25181
test_25191
test_25201
test_25211
test_25221
test_25231
test_25241
test_25251
test_25261
test_25271
test_25281
test_25291
test_25301
test_25311
test_25321
test_25331
test_25341
test_25351
test_25361
test_25371
test_25381
test_25391
test_25401
test_25411
test_25421
test_25431
test_25441
test_25451
test_25461
test_25471
test_25481
test_25491
test_25501
test_25511
test_25521
test_25531
test_25541
test_25551
test_25561
test_25571
test_25581
test_25591
test_25601
test_25611
test_25621
test_25631
test_25641
test_25651
test_25661
test_25671
test_25681
test_25691
test_25701
test_25711
test_25721
test_25731
test_25741
test_25751
test_25761
test_25771
test_25781
test_25791
test_25801
test_25811
test_25821
test_25831
test_25841
test_25851
test_25861
test_25871
test_25881
test_25891
test_25901
test_25911
test_25921
test_25931
test_25941
test_25951
test_25961
test_25971
test_25981
test_25991
test_26001
test_26011
test_26021
test_26031
test_26041
test_26051
test_26061
test_26071
test_26081
test_26091
test_26101
test_26111
test_26121
test_26131
test_26141
test_26151
test_26161
test_26171
test_26181
test_26191
test_26201
test_26211
test_26221
test_26231
test_26241
test_26251
test_26261
test_26271
test_26281
test_26291
test_26301
test_26311
test_26321
test_26331
test_26341
test_26351
test_26361
test_26371
test_26381
test_26391
test_26401
test_26411
test_26421
test_26431
test_26441
test_26451
test_26461
test_26471
test_26481
test_26491
test_26501
test_26511
test_26521
test_26531
test_26541
test_26551
test_26561
test_26571
test_26581
test_26591
test_26601
test_26611
test_26621
test_26631
test_26641
test_26651
test_26661
test_26671
test_26681
test_26691
test_26701
test_26711
test_26721
test_26731
test_26741
test_26751
test_26761
test_26771
test_26781
test_26791
test_26801
test_26811
test_26821
test_26831
test_26841
test_26851
test_26861
test_26871
test_26881
test_26891
test_26901
test_26911
test_26921
test_26931
test_26941
test_26951
test_26961
test_26971
test_26981
test_26991
test_27001
test_27011
test_27021
test_27031
test_27041
test_27051
test_27061
test_27071
test_27081
test_27091
test_27101
test_27111
test_27121
test_27131
test_27141
test_27151
test_27161
test_27171
test_27181
test_27191
test_27201
test_27211
test_27221
test_27231
test_27241
test_27251
test_27261
test_27271
test_27281
test_27291
test_27301
test_27311
test_27321
test_27331
test_27341
test_27351
test_27361
test_27371
test_27381
test_27391
test_27401
test_27411
test_27421
test_27431
test_27441
test_27451
test_27461
test_27471
test_27481
test_27491
test_27501
test_27511
test_27521
test_27531
test_27541
test_27551
test_27561
test_27571
test_27581
test_27591
test_27601
test_27611
test_27621
test_27631
test_27641
test_27651
test_27661
test_27671
test_27681
test_27691
test_27701
test_27711
test_27721
test_27731
test_27741
test_27751
test_27761
test_27771
test_27781
test_27791
test_27801
test_27811
test_27821
test_27831
test_27841
test_27851
test_27861
test_27871
test_27881
test_27891
test_27901
test_27911
test_27921
test_27931
test_27941
test_27951
test_27961
test_27971
test_27981
test_27991
test_28001
test_28011
test_28021
test_28031
test_28041
test_28051
test_28061
test_28071
test_28081
test_28091
test_28101
test_28111
test_28121
test_28131
test_28141
test_28151
test_28161
test_28171
test_28181
test_28191
test_28201
test_28211
test_28221
test_28231
test_28241
test_28251
test_28261
test_28271
test_28281
test_28291
test_28301
test_28311
test_28321
test_28331
test_28341
test_28351
test_28361
test_28371
test_28381
test_28391
test_28401
test_28411
test_28421
test_28431
test_28441
test_28451
test_28461
test_28471
test_28481
test_28491
test_28501
test_28511
test_28521
test_28531
test_28541
test_28551
test_28561
test_28571
test_28581
test_28591
test_28601
test_28611
test_28621
test_28631
test_28641
test_28651
test_28661
test_28671
test_28681
test_28691
test_28701
test_28711
test_28721
test_28731
test_28741
test_28751
test_28761
test_28771
test_28781
test_28791
test_28801
test_28811
test_28821
test_28831
test_28841
test_28851
test_28861
test_28871
test_28881
test_28891
test_28901
test_28911
test_28921
test_28931
test_28941
test_28951
test_28961
test_28971
test_28981
test_28991
test_29001
test_29011
test_29021
test_29031
test_29041
test_29051
test_29061
test_29071
test_29081
test_29091
test_29101
test_29111
test_29121
test_29131
test_29141
test_29151
test_29161
test_29171
test_29181
test_29191
test_29201
test_29211
test_29221
test_29231
test_29241
test_29251
test_29261
test_29271
test_29281
test_29291
test_29301
test_29311
test_29321
test_29331
test_29341
test_29351
test_29361
test_29371
test_29381
test_29391
test_29401
test_29411
test_29421
test_29431
test_29441
test_29451
test_29461
test_29471
test_29481
test_29491
test_29501
test_29511
test_29521
test_29531
test_29541
test_29551
test_29561
test_29571
test_29581
test_29591
test_29601
test_29611
test_29621
test_29631
test_29641
test_29651
test_29661
test_29671
test_29681
test_29691
test_29701
test_29711
test_29721
test_29731
test_29741
test_29751
test_29761
test_29771
test_29781
test_29791
test_29801
test_29811
test_29821
test_29831
test_29841
test_29851
test_29861
test_29871
test_29881
test_29891
test_29901
test_29911
test_29921
test_29931
test_29941
test_29951
test_29961
test_29971
test_29981
test_29991
test_30001
test_30011
test_30021
test_30031
test_30041
test_30051
test_30061
test_30071
test_30081
test_30091
test_30101
test_30111
test_30121
test_30131
test_30141
test_30151
test_30161
test_30171
test_30181
test_30191
test_30201
test_30211
test_30221
test_30231
test_30241
test_30251
test_30261
test_30271
test_30281
test_30291
test_30301
test_30311
test_30321
test_30331
test_30341
test_30351
test_30361
test_30371
test_30381
test_30391
test_30401
test_30411
test_30421
test_30431
test_30441
test_30451
test_30461
test_30471
test_30481
test_30491
test_30501
test_30511
test_30521
test_30531
test_30541
test_30551
test_30561
test_30571
test_30581
test_30591
test_30601
test_30611
test_30621
test_30631
test_30641
test_30651
test_30661
test_30671
test_30681
test_30691
test_30701
test_30711
test_30721
test_30731
test_30741
test_30751
test_30761
test_30771
test_30781
test_30791
test_30801
test_30811
test_30821
test_30831
test_30841
test_30851
test_30861
test_30871
test_30881
test_30891
test_30901
test_30911
test_30921
test_30931
test_30941
test_30951
test_30961
test_30971
test_30981
test_30991
test_31001
test_31011
test_31021
test_31031
test_31041
test_31051
test_31061
test_31071
test_31081
test_31091
test_31101
test_31111
test_31121
test_31131
test_31141
test_31151
test_31161
test_31171
test_31181
test_31191
test_31201
test_31211
test_31221
test_31231
test_31241
test_31251
test_31261
test_31271
test_31281
test_31291
test_31301
test_31311
test_31321
test_31331
test_31341
test_31351
test_31361
test_31371
test_31381
test_31391
test_31401
test_31411
test_31421
test_31431
test_31441
test_31451
test_31461
test_31471
test_31481
test_31491
test_31501
test_31511
test_31521
test_31531
test_31541
test_31551
test_31561
test_31571
test_31581
test_31591
test_31601
test_31611
test_31621
test_31631
test_31641
test_31651
test_31661
test_31671
test_31681
test_31691
test_31701
test_31711
test_31721
test_31731
test_31741
test_31751
test_31761
test_31771
test_31781
test_31791
test_31801
test_31811
test_31821
test_31831
test_31841
test_31851
test_31861
test_31871
test_31881
test_31891
test_31901
test_31911
test_31921
test_31931
test_31941
test_31951
test_31961
test_31971
test_31981
test_31991
test_32001
test_32011
test_32021
test_32031
test_32041
test_32051
test_32061
test_32071
test_32081
test_32091
test_32101
test_32111
test_32121
test_32131
test_32141
test_32151
test_32161
test_32171
test_32181
test_32191
test_32201
test_32211
test_32221
test_32231
test_32241
test_32251
test_32261
test_32271
test_32281
test_32291
test_32301
test_32311
test_32321
test_32331
test_32341
test_32351
test_32361
test_32371
test_32381
test_32391
test_32401
test_32411
test_32421
test_32431
test_32441
test_32451
test_32461
test_32471
test_32481
test_32491
test_32501
test_32511
test_32521
test_32531
test_32541
test_32551
test_32561
test_32571
test_32581
test_32591
test_32601
test_32611
test_32621
test_32631
test_32641
test_32651
test_32661
test_32671
test_32681
test_32691
test_32701
test_32711
test_32721
test_32731
test_32741
test_32751
test_32761
test_32771
test_32781
test_32791
test_32801
test_32811
test_32821
test_32831
test_32841
test_32851
test_32861
test_32871
test_32881
test_32891
test_32901
test_32911
test_32921
test_32931
test_32941
test_32951
test_32961
test_32971
test_32981
test_32991
test_33001
test_33011
test_33021
test_33031
test_33041
test_33051
test_33061
test_33071
test_33081
test_33091
test_33101
test_33111
test_33121
test_33131
test_33141
test_33151
test_33161
test_33171
test_33181
test_33191
test_33201
test_33211
test_33221
test_33231
test_33241
test_33251
test_33261
test_33271
test_33281
test_33291
test_33301
test_33311
test_33321
test_33331
test_33341
test_33351
test_33361
test_33371
test_33381
test_33391
test_33401
test_33411
test_33421
test_33431
test_33441
test_33451
test_33461
test_33471
test_33481
test_33491
test_33501
test_33511
test_33521
test_33531
test_33541
test_33551
test_33561
test_33571
test_33581
test_33591
test_33601
test_33611
test_33621
test_33631
test_33641
test_33651
test_33661
test_33671
test_33681
test_33691
test_33701
test_33711
test_33721
test_33731
test_33741
test_33751
test_33761
test_33771
test_33781
test_33791
test_33801
test_33811
test_33821
test_33831
test_33841
test_33851
test_33861
test_33871
test_33881
test_33891
test_33901
test_33911
test_33921
test_33931
test_33941
test_33951
test_33961
test_33971
test_33981
test_33991
test_34001
test_34011
test_34021
test_34031
test_34041
test_34051
test_34061
test_34071
test_34081
test_34091
test_34101
test_34111
test_34121
test_34131
test_34141
test_34151
test_34161
test_34171
test_34181
test_34191
test_34201
test_34211
test_34221
test_34231
test_34241
test_34251
test_34261
test_34271
test_34281
test_34291
test_34301
test_34311
test_34321
test_34331
test_34341
test_34351
test_34361
test_34371
test_34381
test_34391
test_34401
test_34411
test_34421
test_34431
test_34441
test_34451
test_34461
test_34471
test_34481
test_34491
test_34501
test_34511
test_34521
test_34531
test_34541
test_34551
test_34561
test_34571
test_34581
test_34591
test_34601
test_34611
test_34621
test_34631
test_34641
test_34651
test_34661
test_34671
test_34681
test_34691
test_34701
test_34711
test_34721
test_34731
test_34741
test_34751
test_34761
test_34771
test_34781
test_34791
test_34801
test_34811
test_34821
test_34831
test_34841
test_34851
test_34861
test_34871
test_34881
test_34891
test_34901
test_34911
test_34921
test_34931
test_34941
test_34951
test_34961
test_34971
test_34981
test_34991
test_35001
test_35011
test_35021
test_35031
test_35041
test_35051
test_35061
test_35071
test_35081
test_35091
test_35101
test_35111
test_35121
test_35131
test_35141
test_35151
test_35161
test_35171
test_35181
test_35191
test_35201
test_35211
test_35221
test_35231
test_35241
test_35251
test_35261
test_35271
test_35281
test_35291
test_35301
test_35311
test_35321
test_35331
test_35341
test_35351
test_35361
test_35371
test_35381
test_35391
test_35401
test_35411
test_35421
test_35431
test_35441
test_35451
test_35461
test_35471
test_35481
test_35491
test_35501
test_35511
test_35521
test_35531
test_35541
test_35551
test_35561
test_35571
test_35581
test_35591
test_35601
test_35611
test_35621
test_35631
test_35641
test_35651
test_35661
test_35671
test_35681
test_35691
test_35701
test_35711
test_35721
test_35731
test_35741
test_35751
test_35761
test_35771
test_35781
test_35791
test_35801
test_35811
test_35821
test_35831
test_35841
test_35851
test_35861
test_35871
test_35881
test_35891
test_35901
test_35911
test_35921
test_35931
test_35941
test_35951
test_35961
test_35971
test_35981
test_35991
test_36001
test_36011
test_36021
test_36031
test_36041
test_36051
test_36061
test_36071
test_36081
test_36091
test_36101
test_36111
test_36121
test_36131
test_36141
test_36151
test_36161
test_36171
test_36181
test_36191
test_36201
test_36211
test_36221
test_36231
test_36241
test_36251
test_36261
test_36271
test_36281
test_36291
test_36301
test_36311
test_36321
test_36331
test_36341
test_36351
test_36361
test_36371
test_36381
test_36391
test_36401
test_36411
test_36421
test_36431
test_36441
test_36451
test_36461
test_36471
test_36481
test_36491
test_36501
test_36511
test_36521
test_36531
test_36541
test_36551
test_36561
test_36571
test_36581
test_36591
test_36601
test_36611
test_36621
test_36631
test_36641
test_36651
test_36661
test_36671
test_36681
test_36691
test_36701
test_36711
test_36721
test_36731
test_36741
test_36751
test_36761
test_36771
test_36781
test_36791
test_36801
test_36811
test_36821
test_36831
test_36841
test_36851
test_36861
test_36871
test_36881
test_36891
test_36901
test_36911
test_36921
test_36931
test_36941
test_36951
test_36961
test_36971
test_36981
test_36991
test_37001
test_37011
test_37021
test_37031
test_37041
test_37051
test_37061
test_37071
test_37081
test_37091
test_37101
test_37111
test_37121
test_37131
test_37141
test_37151
test_37161
test_37171
test_37181
test_37191
test_37201
test_37211
test_37221
test_37231
test_37241
test_37251
test_37261
test_37271
test_37281
test_37291
test_37301
test_37311
test_37321
test_37331
test_37341
test_37351
test_37361
test_37371
test_37381
test_37391
test_37401
test_37411
test_37421
test_37431
test_37441
test_37451
test_37461
test_37471
test_37481
test_37491
test_37501
test_37511
test_37521
test_37531
test_37541
test_37551
test_37561
test_37571
test_37581
test_37591
test_37601
test_37611
test_37621
test_37631
test_37641
test_37651
test_37661
test_37671
test_37681
test_37691
test_37701
test_37711
test_37721
test_37731
test_37741
test_37751
test_37761
test_37771
test_37781
test_37791
test_37801
test_37811
test_37821
test_37831
test_37841
test_37851
test_37861
test_37871
test_37881
test_37891
test_37901
test_37911
test_37921
test_37931
test_37941
test_37951
test_37961
test_37971
test_37981
test_37991
test_38001
test_38011
test_38021
test_38031
test_38041
test_38051
test_38061
test_38071
test_38081
test_38091
test_38101
test_38111
test_38121
test_38131
test_38141
test_38151
test_38161
test_38171
test_38181
test_38191
test_38201
test_38211
test_38221
test_38231
test_38241
test_38251
test_38261
test_38271
test_38281
test_38291
test_38301
test_38311
test_38321
test_38331
test_38341
test_38351
test_38361
test_38371
test_38381
test_38391
test_38401
test_38411
test_38421
test_38431
test_38441
test_38451
test_38461
test_38471
test_38481
test_38491
test_38501
test_38511
test_38521
test_38531
test_38541
test_38551
test_38561
test_38571
test_38581
test_38591
test_38601
test_38611
test_38621
test_38631
test_38641
test_38651
test_38661
test_38671
test_38681
test_38691
test_38701
test_38711
test_38721
test_38731
test_38741
test_38751
test_38761
test_38771
test_38781
test_38791
test_38801
test_38811
test_38821
test_38831
test_38841
test_38851
test_38861
test_38871
test_38881
test_38891
test_38901
test_38911
test_38921
test_38931
test_38941
test_38951
test_38961
test_38971
test_38981
test_38991
test_39001
test_39011
test_39021
test_39031
test_39041
test_39051
test_39061
test_39071
test_39081
test_39091
test_39101
test_39111
test_39121
test_39131
test_39141
test_39151
test_39161
test_39171
test_39181
test_39191
test_39201
test_39211
test_39221
test_39231
test_39241
test_39251
test_39261
test_39271
test_39281
test_39291
test_39301
test_39311
test_39321
test_39331
test_39341
test_39351
test_39361
test_39371
test_39381
test_39391
test_39401
test_39411
test_39421
test_39431
test_39441
test_39451
test_39461
test_39471
test_39481
test_39491
test_39501
test_39511
test_39521
test_39531
test_39541
test_39551
test_39561
test_39571
test_39581
test_39591
test_39601
test_39611
test_39621
test_39631
test_39641
test_39651
test_39661
test_39671
test_39681
test_39691
test_39701
test_39711
test_39721
test_39731
test_39741
test_39751
test_39761
test_39771
test_39781
test_39791
test_39801
test_39811
test_39821
test_39831
test_39841
test_39851
test_39861
test_39871
test_39881
test_39891
test_39901
test_39911
test_39921
test_39931
test_39941
test_39951
test_39961
test_39971
test_39981
test_39991
test_40001
test_40011
test_40021
test_40031
test_40041
test_40051
test_40061
test_40071
test_40081
test_40091
test_40101
test_40111
test_40121
test_40131
test_40141
test_40151
test_40161
test_40171
test_40181
test_40191
test_40201
test_40211
test_40221
test_40231
test_40241
test_40251
test_40261
test_40271
test_40281
test_40291
test_40301
test_40311
test_40321
test_40331
test_40341
test_40351
test_40361
test_40371
test_40381
test_40391
test_40401
test_40411
test_40421
test_40431
test_40441
test_40451
test_40461
test_40471
test_40481
test_40491
test_40501
test_40511
test_40521
test_40531
test_40541
test_40551
test_40561
test_40571
test_40581
test_40591
test_40601
test_40611
test_40621
test_40631
test_40641
test_40651
test_40661
test_40671
test_40681
test_40691
test_40701
test_40711
test_40721
test_40731
test_40741
test_40751
test_40761
test_40771
test_40781
test_40791
test_40801
test_40811
test_40821
test_40831
test_40841
test_40851
test_40861
test_40871
test_40881
test_40891
test_40901
test_40911
test_40921
test_40931
test_40941
test_40951
test_40961
test_40971
test_40981
test_40991
test_41001
test_41011
test_41021
test_41031
test_41041
test_41051
test_41061
test_41071
test_41081
test_41091
test_41101
test_41111
test_41121
test_41131
test_41141
test_41151
test_41161
test_41171
test_41181
test_41191
test_41201
test_41211
test_41221
test_41231
test_41241
test_41251
test_41261
test_41271
test_41281
test_41291
test_41301
test_41311
test_41321
test_41331
test_41341
test_41351
test_41361
test_41371
test_41381
test_41391
test_41401
test_41411
test_41421
test_41431
test_41441
test_41451
test_41461
test_41471
test_41481
test_41491
test_41501
test_41511
test_41521
test_41531
test_41541
test_41551
test_41561
test_41571
test_41581
test_41591
test_41601
test_41611
test_41621
test_41631
test_41641
test_41651
test_41661
test_41671
test_41681
test_41691
test_41701
test_41711
test_41721
test_41731
test_41741
test_41751
test_41761
test_41771
test_41781
test_41791
test_41801
test_41811
test_41821
test_41831
test_41841
test_41851
test_41861
test_41871
test_41881
test_41891
test_41901
test_41911
test_41921
test_41931
test_41941
test_41951
test_41961
test_41971
test_41981
test_41991
test_42001
test_42011
test_42021
test_42031
test_42041
test_42051
test_42061
test_42071
test_42081
test_42091
test_42101
test_42111
test_42121
test_42131
test_42141
test_42151
test_42161
test_42171
test_42181
test_42191
test_42201
test_42211
test_42221
test_42231
test_42241
test_42251
test_42261
test_42271
test_42281
test_42291
test_42301
test_42311
test_42321
test_42331
test_42341
test_42351
test_42361
test_42371
test_42381
test_42391
test_42401
test_42411
test_42421
test_42431
test_42441
test_42451
test_42461
test_42471
test_42481
test_42491
test_42501
test_42511
test_42521
test_42531
test_42541
test_42551
test_42561
test_42571
test_42581
test_42591
test_42601
test_42611
test_42621
test_42631
test_42641
test_42651
test_42661
test_42671
test_42681
test_42691
test_42701
test_42711
test_42721
test_42731
test_42741
test_42751
test_42761
test_42771
test_42781
test_42791
test_42801
test_42811
test_42821
test_42831
test_42841
test_42851
test_42861
test_42871
test_42881
test_42891
test_42901
test_42911
test_42921
test_42931
test_42941
test_42951
test_42961
test_42971
test_42981
test_42991
test_43001
test_43011
test_43021
test_43031
test_43041
test_43051
test_43061
test_43071
test_43081
test_43091
test_43101
test_43111
test_43121
test_43131
test_43141
test_43151
test_43161
test_43171
test_43181
test_43191
test_43201
test_43211
test_43221
test_43231
test_43241
test_43251
test_43261
test_43271
test_43281
test_43291
test_43301
test_43311
test_43321
test_43331
test_43341
test_43351
test_43361
test_43371
test_43381
test_43391
test_43401
test_43411
test_43421
test_43431
test_43441
test_43451
test_43461
test_43471
test_43481
test_43491
test_43501
test_43511
test_43521
test_43531
test_43541
test_43551
test_43561
test_43571
test_43581
test_43591
test_43601
test_43611
test_43621
test_43631
test_43641
test_43651
test_43661
test_43671
test_43681
test_43691
test_43701
test_43711
test_43721
test_43731
test_43741
test_43751
test_43761
test_43771
test_43781
test_43791
test_43801
test_43811
test_43821
test_43831
test_43841
test_43851
test_43861
test_43871
test_43881
test_43891
test_43901
test_43911
test_43921
test_43931
test_43941
test_43951
test_43961
test_43971
test_43981
test_43991
test_44001
test_44011
test_44021
test_44031
test_44041
test_44051
test_44061
test_44071
test_44081
test_44091
test_44101
test_44111
test_44121
test_44131
test_44141
test_44151
test_44161
test_44171
test_44181
test_44191
test_44201
test_44211
test_44221
test_44231
test_44241
test_44251
test_44261
test_44271
test_44281
test_44291
test_44301
test_44311
test_44321
test_44331
test_44341
test_44351
test_44361
test_44371
test_44381
test_44391
test_44401
test_44411
test_44421
test_44431
test_44441
test_44451
test_44461
test_44471
test_44481
test_44491
test_44501
test_44511
test_44521
test_44531
test_44541
test_44551
test_44561
test_44571
test_44581
test_44591
test_44601
test_44611
test_44621
test_44631
test_44641
test_44651
test_44661
test_44671
test_44681
test_44691
test_44701
test_44711
test_44721
test_44731
test_44741
test_44751
test_44761
test_44771
test_44781
test_44791
test_44801
test_44811
test_44821
test_44831
test_44841
test_44851
test_44861
test_44871
test_44881
test_44891
test_44901
test_44911
test_44921
test_44931
test_44941
test_44951
test_44961
test_44971
test_44981
test_44991
test_45001
test_45011
test_45021
test_45031
test_45041
test_45051
test_45061
test_45071
test_45081
test_45091
test_45101
test_45111
test_45121
test_45131
test_45141
test_45151
test_45161
test_45171
test_45181
test_45191
test_45201
test_45211
test_45221
test_45231
test_45241
test_45251
test_45261
test_45271
test_45281
test_45291
test_45301
test_45311
test_45321
test_45331
test_45341
test_45351
test_45361
test_45371
test_45381
test_45391
test_45401
test_45411
test_45421
test_45431
test_45441
test_45451
test_45461
test_45471
test_45481
test_45491
test_45501
test_45511
test_45521
test_45531
test_45541
test_45551
test_45561
test_45571
test_45581
test_45591
test_45601
test_45611
test_45621
test_45631
test_45641
test_45651
test_45661
test_45671
test_45681
test_45691
test_45701
test_45711
test_45721
test_45731
test_45741
test_45751
test_45761
test_45771
test_45781
test_45791
test_45801
test_45811
test_45821
test_45831
test_45841
test_45851
test_45861
test_45871
test_45881
test_45891
test_45901
test_45911
test_45921
test_45931
test_45941
test_45951
test_45961
test_45971
test_45981
test_45991
test_46001
test_46011
test_46021
test_46031
test_46041
test_46051
test_46061
test_46071
test_46081
test_46091
test_46101
test_46111
test_46121
test_46131
test_46141
test_46151
test_46161
test_46171
test_46181
test_46191
test_46201
test_46211
test_46221
test_46231
test_46241
test_46251
test_46261
test_46271
test_46281
test_46291
test_46301
test_46311
test_46321
test_46331
test_46341
test_46351
test_46361
test_46371
test_46381
test_46391
test_46401
test_46411
test_46421
test_46431
test_46441
test_46451
test_46461
test_46471
test_46481
test_46491
test_46501
test_46511
test_46521
test_46531
test_46541
test_46551
test_46561
test_46571
test_46581
test_46591
test_46601
test_46611
test_46621
test_46631
test_46641
test_46651
test_46661
test_46671
test_46681
test_46691
test_46701
test_46711
test_46721
test_46731
test_46741
test_46751
test_46761
test_46771
test_46781
test_46791
test_46801
test_46811
test_46821
test_46831
test_46841
test_46851
test_46861
test_46871
test_46881
test_46891
test_46901
test_46911
test_46921
test_46931
test_46941
test_46951
test_46961
test_46971
test_46981
test_46991
test_47001
test_47011
test_47021
test_47031
test_47041
test_47051
test_47061
test_47071
test_47081
test_47091
test_47101
test_47111
test_47121
test_47131
test_47141
test_47151
test_47161
test_47171
test_47181
test_47191
test_47201
test_47211
test_47221
test_47231
test_47241
test_47251
test_47261
test_47271
test_47281
test_47291
test_47301
test_47311
test_47321
test_47331
test_47341
test_47351
test_47361
test_47371
test_47381
test_47391
test_47401
test_47411
test_47421
test_47431
test_47441
test_47451
test_47461
test_47471
test_47481
test_47491
test_47501
test_47511
test_47521
test_47531
test_47541
test_47551
test_47561
test_47571
test_47581
test_47591
test_47601
test_47611
test_47621
test_47631
test_47641
test_47651
test_47661
test_47671
test_47681
test_47691
test_47701
test_47711
test_47721
test_47731
test_47741
test_47751
test_47761
test_47771
test_47781
test_47791
test_47801
test_47811
test_47821
test_47831
test_47841
test_47851
test_47861
test_47871
test_47881
test_47891
test_47901
test_47911
test_47921
test_47931
test_47941
test_47951
test_47961
test_47971
test_47981
test_47991
test_48001
test_48011
test_48021
test_48031
test_48041
test_48051
test_48061
test_48071
test_48081
test_48091
test_48101
test_48111
test_48121
test_48131
test_48141
test_48151
test_48161
test_48171
test_48181
test_48191
test_48201
test_48211
test_48221
test_48231
test_48241
test_48251
test_48261
test_48271
test_48281
test_48291
test_48301
test_48311
test_48321
test_48331
test_48341
test_48351
test_48361
test_48371
test_48381
test_48391
test_48401
test_48411
test_48421
test_48431
test_48441
test_48451
test_48461
test_48471
test_48481
test_48491
test_48501
test_48511
test_48521
test_48531
test_48541
test_48551
test_48561
test_48571
test_48581
test_48591
test_48601
test_48611
test_48621
test_48631
test_48641
test_48651
test_48661
test_48671
test_48681
test_48691
test_48701
test_48711
test_48721
test_48731
test_48741
test_48751
test_48761
test_48771
test_48781
test_48791
test_48801
test_48811
test_48821
test_48831
test_48841
test_48851
test_48861
test_48871
test_48881
test_48891
test_48901
test_48911
test_48921
test_48931
test_48941
test_48951
test_48961
test_48971
test_48981
test_48991
test_49001
test_49011
test_49021
test_49031
test_49041
test_49051
test_49061
test_49071
test_49081
test_49091
test_49101
test_49111
test_49121
test_49131
test_49141
test_49151
test_49161
test_49171
test_49181
test_49191
test_49201
test_49211
test_49221
test_49231
test_49241
test_49251
test_49261
test_49271
test_49281
test_49291
test_49301
test_49311
test_49321
test_49331
test_49341
test_49351
test_49361
test_49371
test_49381
test_49391
test_49401
test_49411
test_49421
test_49431
test_49441
test_49451
test_49461
test_49471
test_49481
test_49491
test_49501
test_49511
test_49521
test_49531
test_49541
test_49551
test_49561
test_49571
test_49581
test_49591
test_49601
test_49611
test_49621
test_49631
test_49641
test_49651
test_49661
test_49671
test_49681
test_49691
test_49701
test_49711
test_49721
test_49731
test_49741
test_49751
test_49761
test_49771
test_49781
test_49791
test_49801
test_49811
test_49821
test_49831
test_49841
test_49851
test_49861
test_49871
test_49881
test_49891
test_49901
test_49911
test_49921
test_49931
test_49941
test_49951
test_49961
test_49971
test_49981
test_49991
test_50001
test_50011
test_50021
test_50031
test_50041
test_50051
test_50061
test_50071
test_50081
test_50091
test_50101
test_50111
test_50121
test_50131
test_50141
test_50151
test_50161
test_50171
test_50181
test_50191
test_50201
test_50211
test_50221
test_50231
test_50241
test_50251
test_50261
test_50271
test_50281
test_50291
test_50301
test_50311
test_50321
test_50331
test_50341
test_50351
test_50361
test_50371
test_50381
test_50391
test_50401
test_50411
test_50421
test_50431
test_50441
test_50451
test_50461
test_50471
test_50481
test_50491
test_50501
test_50511
test_50521
test_50531
test_50541
test_50551
test_50561
test_50571
test_50581
test_50591
test_50601
test_50611
test_50621
test_50631
test_50641
test_50651
test_50661
test_50671
test_50681
test_50691
test_50701
test_50711
test_50721
test_50731
test_50741
test_50751
test_50761
test_50771
test_50781
test_50791
test_50801
test_50811
test_50821
test_50831
test_50841
test_50851
test_50861
test_50871
test_50881
test_50891
test_50901
test_50911
test_50921
test_50931
test_50941
test_50951
test_50961
test_50971
test_50981
test_50991
test_51001
test_51011
test_51021
test_51031
test_51041
test_51051
test_51061
test_51071
test_51081
test_51091
test_51101
test_51111
test_51121
test_51131
test_51141
test_51151
test_51161
test_51171
test_51181
test_51191
test_51201
test_51211
test_51221
test_51231
test_51241
test_51251
test_51261
test_51271
test_51281
test_51291
test_51301
test_51311
test_51321
test_51331
test_51341
test_51351
test_51361
test_51371
test_51381
test_51391
test_51401
test_51411
test_51421
test_51431
test_51441
test_51451
test_51461
test_51471
test_51481
test_51491
test_51501
test_51511
test_51521
test_51531
test_51541
test_51551
test_51561
test_51571
test_51581
test_51591
test_51601
test_51611
test_51621
test_51631
test_51641
test_51651
test_51661
test_51671
test_51681
test_51691
test_51701
test_51711
test_51721
test_51731
test_51741
test_51751
test_51761
test_51771
test_51781
test_51791
test_51801
test_51811
test_51821
test_51831
test_51841
test_51851
test_51861
test_51871
test_51881
test_51891
test_51901
test_51911
test_51921
test_51931
test_51941
test_51951
test_51961
test_51971
test_51981
test_51991
test_52001
test_52011
test_52021
test_52031
test_52041
test_52051
test_52061
test_52071
test_52081
test_52091
test_52101
test_52111
test_52121
test_52131
test_52141
test_52151
test_52161
test_52171
test_52181
test_52191
test_52201
test_52211
test_52221
test_52231
test_52241
test_52251
test_52261
test_52271
test_52281
test_52291
test_52301
test_52311
test_52321
test_52331
test_52341
test_52351
test_52361
test_52371
test_52381
test_52391
test_52401
test_52411
test_52421
test_52431
test_52441
test_52451
test_52461
test_52471
test_52481
test_52491
test_52501
test_52511
test_52521
test_52531
test_52541
test_52551
test_52561
test_52571
test_52581
test_52591
test_52601
test_52611
test_52621
test_52631
test_52641
test_52651
test_52661
test_52671
test_52681
test_52691
test_52701
test_52711
test_52721
test_52731
test_52741
test_52751
test_52761
test_52771
test_52781
test_52791
test_52801
test_52811
test_52821
test_52831
test_52841
test_52851
test_52861
test_52871
test_52881
test_52891
test_52901
test_52911
test_52921
test_52931
test_52941
test_52951
test_52961
test_52971
test_52981
test_52991
test_53001
test_53011
test_53021
test_53031
test_53041
test_53051
test_53061
test_53071
test_53081
test_53091
test_53101
test_53111
test_53121
test_53131
test_53141
test_53151
test_53161
test_53171
test_53181
test_53191
test_53201
test_53211
test_53221
test_53231
test_53241
test_53251
test_53261
test_53271
test_53281
test_53291
test_53301
test_53311
test_53321
test_53331
test_53341
test_53351
test_53361
test_53371
test_53381
test_53391
test_53401
test_53411
test_53421
test_53431
test_53441
test_53451
test_53461
test_53471
test_53481
test_53491
test_53501
test_53511
test_53521
test_53531
test_53541
test_53551
test_53561
test_53571
test_53581
test_53591
test_53601
test_53611
test_53621
test_53631
test_53641
test_53651
test_53661
test_53671
test_53681
test_53691
test_53701
test_53711
test_53721
test_53731
test_53741
test_53751
test_53761
test_53771
test_53781
test_53791
test_53801
test_53811
test_53821
test_53831
test_53841
test_53851
test_53861
test_53871
test_53881
test_53891
test_53901
test_53911
test_53921
test_53931
test_53941
test_53951
test_53961
test_53971
test_53981
test_53991
test_54001
test_54011
test_54021
test_54031
test_54041
test_54051
test_54061
test_54071
test_54081
test_54091
test_54101
test_54111
test_54121
test_54131
test_54141
test_54151
test_54161
test_54171
test_54181
test_54191
test_54201
test_54211
test_54221
test_54231
test_54241
test_54251
test_54261
test_54271
test_54281
test_54291
test_54301
test_54311
test_54321
test_54331
test_54341
test_54351
test_54361
test_54371
test_54381
test_54391
test_54401
test_54411
test_54421
test_54431
test_54441
test_54451
test_54461
test_54471
test_54481
test_54491
test_54501
test_54511
test_54521
test_54531
test_54541
test_54551
test_54561
test_54571
test_54581
test_54591
test_54601
test_54611
test_54621
test_54631
test_54641
test_54651
test_54661
test_54671
test_54681
test_54691
test_54701
test_54711
test_54721
test_54731
test_54741
test_54751
test_54761
test_54771
test_54781
test_54791
test_54801
test_54811
test_54821
test_54831
test_54841
test_54851
test_54861
test_54871
test_54881
test_54891
test_54901
test_54911
test_54921
test_54931
test_54941
test_54951
test_54961
test_54971
test_54981
test_54991
test_55001
test_55011
test_55021
test_55031
test_55041
test_55051
test_55061
test_55071
test_55081
test_55091
test_55101
test_55111
test_55121
test_55131
test_55141
test_55151
test_55161
test_55171
test_55181
test_55191
test_55201
test_55211
test_55221
test_55231
test_55241
test_55251
test_55261
test_55271
test_55281
test_55291
test_55301
test_55311
test_55321
test_55331
test_55341
test_55351
test_55361
test_55371
test_55381
test_55391
test_55401
test_55411
test_55421
test_55431
test_55441
test_55451
test_55461
test_55471
test_55481
test_55491
test_55501
test_55511
test_55521
test_55531
test_55541
test_55551
test_55561
test_55571
test_55581
test_55591
test_55601
test_55611
test_55621
test_55631
test_55641
test_55651
test_55661
test_55671
test_55681
test_55691
test_55701
test_55711
test_55721
test_55731
test_55741
test_55751
test_55761
test_55771
test_55781
test_55791
test_55801
test_55811
test_55821
test_55831
test_55841
test_55851
test_55861
test_55871
test_55881
test_55891
test_55901
test_55911
test_55921
test_55931
test_55941
test_55951
test_55961
test_55971
test_55981
test_55991
test_56001
test_56011
test_56021
test_56031
test_56041
test_56051
test_56061
test_56071
test_56081
test_56091
test_56101
test_56111
test_56121
test_56131
test_56141
test_56151
test_56161
test_56171
test_56181
test_56191
test_56201
test_56211
test_56221
test_56231
test_56241
test_56251
test_56261
test_56271
test_56281
test_56291
test_56301
test_56311
test_56321
test_56331
test_56341
test_56351
test_56361
test_56371
test_56381
test_56391
test_56401
test_56411
test_56421
test_56431
test_56441
test_56451
test_56461
test_56471
test_56481
test_56491
test_56501
test_56511
test_56521
test_56531
test_56541
test_56551
test_56561
test_56571
test_56581
test_56591
test_56601
test_56611
test_56621
test_56631
test_56641
test_56651
test_56661
test_56671
test_56681
test_56691
test_56701
test_56711
test_56721
test_56731
test_56741
test_56751
test_56761
test_56771
test_56781
test_56791
test_56801
test_56811
test_56821
test_56831
test_56841
test_56851
test_56861
test_56871
test_56881
test_56891
test_56901
test_56911
test_56921
test_56931
test_56941
test_56951
test_56961
test_56971
test_56981
test_56991
test_57001
test_57011
test_57021
test_57031
test_57041
test_57051
test_57061
test_57071
test_57081
test_57091
test_57101
test_57111
test_57121
test_57131
test_57141
test_57151
test_57161
test_57171
test_57181
test_57191
test_57201
test_57211
test_57221
test_57231
test_57241
test_57251
test_57261
test_57271
test_57281
test_57291
test_57301
test_57311
test_57321
test_57331
test_57341
test_57351
test_57361
test_57371
test_57381
test_57391
test_57401
test_57411
test_57421
test_57431
test_57441
test_57451
test_57461
test_57471
test_57481
test_57491
test_57501
test_57511
test_57521
test_57531
test_57541
test_57551
test_57561
test_57571
test_57581
test_57591
test_57601
test_57611
test_57621
test_57631
test_57641
test_57651
test_57661
test_57671
test_57681
test_57691
test_57701
test_57711
test_57721
test_57731
test_57741
test_57751
test_57761
test_57771
test_57781
test_57791
test_57801
test_57811
test_57821
test_57831
test_57841
test_57851
test_57861
test_57871
test_57881
test_57891
test_57901
test_57911
test_57921
test_57931
test_57941
test_57951
test_57961
test_57971
test_57981
test_57991
test_58001
test_58011
test_58021
test_58031
test_58041
test_58051
test_58061
test_58071
test_58081
test_58091
test_58101
test_58111
test_58121
test_58131
test_58141
test_58151
test_58161
test_58171
test_58181
test_58191
test_58201
test_58211
test_58221
test_58231
test_58241
test_58251
test_58261
test_58271
test_58281
test_58291
test_58301
test_58311
test_58321
test_58331
test_58341
test_58351
test_58361
test_58371
test_58381
test_58391
test_58401
test_58411
test_58421
test_58431
test_58441
test_58451
test_58461
test_58471
test_58481
test_58491
test_58501
test_58511
test_58521
test_58531
test_58541
test_58551
test_58561
test_58571
test_58581
test_58591
test_58601
test_58611
test_58621
test_58631
test_58641
test_58651
test_58661
test_58671
test_58681
test_58691
test_58701
test_58711
test_58721
test_58731
test_58741
test_58751
test_58761
test_58771
test_58781
test_58791
test_58801
test_58811
test_58821
test_58831
test_58841
test_58851
test_58861
test_58871
test_58881
test_58891
test_58901
test_58911
test_58921
test_58931
test_58941
test_58951
test_58961
test_58971
test_58981
test_58991
test_59001
test_59011
test_59021
test_59031
test_59041
test_59051
test_59061
test_59071
test_59081
test_59091
test_59101
test_59111
test_59121
test_59131
test_59141
test_59151
test_59161
test_59171
test_59181
test_59191
test_59201
test_59211
test_59221
test_59231
test_59241
test_59251
test_59261
test_59271
test_59281
test_59291
test_59301
test_59311
test_59321
test_59331
test_59341
test_59351
test_59361
test_59371
test_59381
test_59391
test_59401
test_59411
test_59421
test_59431
test_59441
test_59451
test_59461
test_59471
test_59481
test_59491
test_59501
test_59511
test_59521
test_59531
test_59541
test_59551
test_59561
test_59571
test_59581
test_59591
test_59601
test_59611
test_59621
test_59631
test_59641
test_59651
test_59661
test_59671
test_59681
test_59691
test_59701
test_59711
test_59721
test_59731
test_59741
test_59751
test_59761
test_59771
test_59781
test_59791
test_59801
test_59811
test_59821
test_59831
test_59841
test_59851
test_59861
test_59871
test_59881
test_59891
test_59901
test_59911
test_59921
test_59931
test_59941
test_59951
test_59961
test_59971
test_59981
test_59991
test_60001
test_60011
test_60021
test_60031
test_60041
test_60051
test_60061
test_60071
test_60081
test_60091
test_60101
test_60111
test_60121
test_60131
test_60141
test_60151
test_60161
test_60171
test_60181
test_60191
test_60201
test_60211
test_60221
test_60231
test_60241
test_60251
test_60261
test_60271
test_60281
test_60291
test_60301
test_60311
test_60321
test_60331
test_60341
test_60351
test_60361
test_60371
test_60381
test_60391
test_60401
test_60411
test_60421
test_60431
test_60441
test_60451
test_60461
test_60471
test_60481
test_60491
test_60501
test_60511
test_60521
test_60531
test_60541
test_60551
test_60561
test_60571
test_60581
test_60591
test_60601
test_60611
test_60621
test_60631
test_60641
test_60651
test_60661
test_60671
test_60681
test_60691
test_60701
test_60711
test_60721
test_60731
test_60741
test_60751
test_60761
test_60771
test_60781
test_60791
test_60801
test_60811
test_60821
test_60831
test_60841
test_60851
test_60861
test_60871
test_60881
test_60891
test_60901
test_60911
test_60921
test_60931
test_60941
test_60951
test_60961
test_60971
test_60981
test_60991
test_61001
test_61011
test_61021
test_61031
test_61041
test_61051
test_61061
test_61071
test_61081
test_61091
test_61101
test_61111
test_61121
test_61131
test_61141
test_61151
test_61161
test_61171
test_61181
test_61191
test_61201
test_61211
test_61221
test_61231
test_61241
test_61251
test_61261
test_61271
test_61281
test_61291
test_61301
test_61311
test_61321
test_61331
test_61341
test_61351
test_61361
test_61371
test_61381
test_61391
test_61401
test_61411
test_61421
test_61431
test_61441
test_61451
test_61461
test_61471
test_61481
test_61491
test_61501
test_61511
test_61521
test_61531
test_61541
test_61551
test_61561
test_61571
test_61581
test_61591
test_61601
test_61611
test_61621
test_61631
test_61641
test_61651
test_61661
test_61671
test_61681
test_61691
test_61701
test_61711
test_61721
test_61731
test_61741
test_61751
test_61761
test_61771
test_61781
test_61791
test_61801
test_61811
test_61821
test_61831
test_61841
test_61851
test_61861
test_61871
test_61881
test_61891
test_61901
test_61911
test_61921
test_61931
test_61941
test_61951
test_61961
test_61971
test_61981
test_61991
test_62001
test_62011
test_62021
test_62031
test_62041
test_62051
test_62061
test_62071
test_62081
test_62091
test_62101
test_62111
test_62121
test_62131
test_62141
test_62151
test_62161
test_62171
test_62181
test_62191
test_62201
test_62211
test_62221
test_62231
test_62241
test_62251
test_62261
test_62271
test_62281
test_62291
test_62301
test_62311
test_62321
test_62331
test_62341
test_62351
test_62361
test_62371
test_62381
test_62391
test_62401
test_62411
test_62421
test_62431
test_62441
test_62451
test_62461
test_62471
test_62481
test_62491
test_62501
test_62511
test_62521
test_62531
test_62541
test_62551
test_62561
test_62571
test_62581
test_62591
test_62601
test_62611
test_62621
test_62631
test_62641
test_62651
test_62661
test_62671
test_62681
test_62691
test_62701
test_62711
test_62721
test_62731
test_62741
test_62751
test_62761
test_62771
test_62781
test_62791
test_62801
test_62811
test_62821
test_62831
test_62841
test_62851
test_62861
test_62871
test_62881
test_62891
test_62901
test_62911
test_62921
test_62931
test_62941
test_62951
test_62961
test_62971
test_62981
test_62991
test_63001
test_63011
test_63021
test_63031
test_63041
test_63051
test_63061
test_63071
test_63081
test_63091
test_63101
test_63111
test_63121
test_63131
test_63141
test_63151
test_63161
test_63171
test_63181
test_63191
test_63201
test_63211
test_63221
test_63231
test_63241
test_63251
test_63261
test_63271
test_63281
test_63291
test_63301
test_63311
test_63321
test_63331
test_63341
test_63351
test_63361
test_63371
test_63381
test_63391
test_63401
test_63411
test_63421
test_63431
test_63441
test_63451
test_63461
test_63471
test_63481
test_63491
test_63501
test_63511
test_63521
test_63531
test_63541
test_63551
test_63561
test_63571
test_63581
test_63591
test_63601
test_63611
test_63621
test_63631
test_63641
test_63651
test_63661
test_63671
test_63681
test_63691
test_63701
test_63711
test_63721
test_63731
test_63741
test_63751
test_63761
test_63771
test_63781
test_63791
test_63801
test_63811
test_63821
test_63831
test_63841
test_63851
test_63861
test_63871
test_63881
test_63891
test_63901
test_63911
test_63921
test_63931
test_63941
test_63951
test_63961
test_63971
test_63981
test_63991
test_64001
test_64011
test_64021
test_64031
test_64041
test_64051
test_64061
test_64071
test_64081
test_64091
test_64101
test_64111
test_64121
test_64131
test_64141
test_64151
test_64161
test_64171
test_64181
test_64191
test_64201
test_64211
test_64221
test_64231
test_64241
test_64251
test_64261
test_64271
test_64281
test_64291
test_64301
test_64311
test_64321
test_64331
test_64341
test_64351
test_64361
test_64371
test_64381
test_64391
test_64401
test_64411
test_64421
test_64431
test_64441
test_64451
test_64461
test_64471
test_64481
test_64491
test_64501
test_64511
test_64521
test_64531
test_64541
test_64551
test_64561
test_64571
test_64581
test_64591
test_64601
test_64611
test_64621
test_64631
test_64641
test_64651
test_64661
test_64671
test_64681
test_64691
test_64701
test_64711
test_64721
test_64731
test_64741
test_64751
test_64761
test_64771
test_64781
test_64791
test_64801
test_64811
test_64821
test_64831
test_64841
test_64851
test_64861
test_64871
test_64881
test_64891
test_64901
test_64911
test_64921
test_64931
test_64941
test_64951
test_64961
test_64971
test_64981
test_64991
test_65001
test_65011
test_65021
test_65031
test_65041
test_65051
test_65061
test_65071
test_65081
test_65091
test_65101
test_65111
test_65121
test_65131
test_65141
test_65151
test_65161
test_65171
test_65181
test_65191
test_65201
test_65211
test_65221
test_65231
test_65241
test_65251
test_65261
test_65271
test_65281
test_65291
test_65301
test_65311
test_65321
test_65331
test_65341
test_65351
test_65361
test_65371
test_65381
test_65391
test_65401
test_65411
test_65421
test_65431
test_65441
test_65451
test_65461
test_65471
test_65481
test_65491
test_65501
test_65511
test_65521
test_65531
test_65541
test_65551
test_65561
test_65571
test_65581
test_65591
test_65601
test_65611
test_65621
test_65631
test_65641
test_65651
test_65661
test_65671
test_65681
test_65691
test_65701
test_65711
test_65721
test_65731
test_65741
test_65751
test_65761
test_65771
test_65781
test_65791
test_65801
test_65811
test_65821
test_65831
test_65841
test_65851
test_65861
test_65871
test_65881
test_65891
test_65901
test_65911
test_65921
test_65931
test_65941
test_65951
test_65961
test_65971
test_65981
test_65991
test_66001
test_66011
test_66021
test_66031
test_66041
test_66051
test_66061
test_66071
test_66081
test_66091
test_66101
test_66111
test_66121
test_66131
test_66141
test_66151
test_66161
test_66171
test_66181
test_66191
test_66201
test_66211
test_66221
test_66231
test_66241
test_66251
test_66261
test_66271
test_66281
test_66291
test_66301
test_66311
test_66321
test_66331
test_66341
test_66351
test_66361
test_66371
test_66381
test_66391
test_66401
test_66411
test_66421
test_66431
test_66441
test_66451
test_66461
test_66471
test_66481
test_66491
test_66501
test_66511
test_66521
test_66531
test_66541
test_66551
test_66561
test_66571
test_66581
test_66591
test_66601
test_66611
test_66621
test_66631
test_66641
test_66651
test_66661
test_66671
test_66681
test_66691
test_66701
test_66711
test_66721
test_66731
test_66741
test_66751
test_66761
test_66771
test_66781
test_66791
test_66801
test_66811
test_66821
test_66831
test_66841
test_66851
test_66861
test_66871
test_66881
test_66891
test_66901
test_66911
test_66921
test_66931
test_66941
test_66951
test_66961
test_66971
test_66981
test_66991
test_67001
test_67011
test_67021
test_67031
test_67041
test_67051
test_67061
test_67071
test_67081
test_67091
test_67101
test_67111
test_67121
test_67131
test_67141
test_67151
test_67161
test_67171
test_67181
test_67191
test_67201
test_67211
test_67221
test_67231
test_67241
test_67251
test_67261
test_67271
test_67281
test_67291
test_67301
test_67311
test_67321
test_67331
test_67341
test_67351
test_67361
test_67371
test_67381
test_67391
test_67401
test_67411
test_67421
test_67431
test_67441
test_67451
test_67461
test_67471
test_67481
test_67491
test_67501
test_67511
test_67521
test_67531
test_67541
test_67551
test_67561
test_67571
test_67581
test_67591
test_67601
test_67611
test_67621
test_67631
test_67641
test_67651
test_67661
test_67671
test_67681
test_67691
test_67701
test_67711
test_67721
test_67731
test_67741
test_67751
test_67761
test_67771
test_67781
test_67791
test_67801
test_67811
test_67821
test_67831
test_67841
test_67851
test_67861
test_67871
test_67881
test_67891
test_67901
test_67911
test_67921
test_67931
test_67941
test_67951
test_67961
test_67971
test_67981
test_67991
test_68001
test_68011
test_68021
test_68031
test_68041
test_68051
test_68061
test_68071
test_68081
test_68091
test_68101
test_68111
test_68121
test_68131
test_68141
test_68151
test_68161
test_68171
test_68181
test_68191
test_68201
test_68211
test_68221
test_68231
test_68241
test_68251
test_68261
test_68271
test_68281
test_68291
test_68301
test_68311
test_68321
test_68331
test_68341
test_68351
test_68361
test_68371
test_68381
test_68391
test_68401
test_68411
test_68421
test_68431
test_68441
test_68451
test_68461
test_68471
test_68481
test_68491
test_68501
test_68511
test_68521
test_68531
test_68541
test_68551
test_68561
test_68571
test_68581
test_68591
test_68601
test_68611
test_68621
test_68631
test_68641
test_68651
test_68661
test_68671
test_68681
test_68691
test_68701
test_68711
test_68721
test_68731
test_68741
test_68751
test_68761
test_68771
test_68781
test_68791
test_68801
test_68811
test_68821
test_68831
test_68841
test_68851
test_68861
test_68871
test_68881
test_68891
test_68901
test_68911
test_68921
test_68931
test_68941
test_68951
test_68961
test_68971
test_68981
test_68991
test_69001
test_69011
test_69021
test_69031
test_69041
test_69051
test_69061
test_69071
test_69081
test_69091
test_69101
test_69111
test_69121
test_69131
test_69141
test_69151
test_69161
test_69171
test_69181
test_69191
test_69201
test_69211
test_69221
test_69231
test_69241
test_69251
test_69261
test_69271
test_69281
test_69291
test_69301
test_69311
test_69321
test_69331
test_69341
test_69351
test_69361
test_69371
test_69381
test_69391
test_69401
test_69411
test_69421
test_69431
test_69441
test_69451
test_69461
test_69471
test_69481
test_69491
test_69501
test_69511
test_69521
test_69531
test_69541
test_69551
test_69561
test_69571
test_69581
test_69591
test_69601
test_69611
test_69621
test_69631
test_69641
test_69651
test_69661
test_69671
test_69681
test_69691
test_69701
test_69711
test_69721
test_69731
test_69741
test_69751
test_69761
test_69771
test_69781
test_69791
test_69801
test_69811
test_69821
test_69831
test_69841
test_69851
test_69861
test_69871
test_69881
test_69891
test_69901
test_69911
test_69921
test_69931
test_69941
test_69951
test_69961
test_69971
test_69981
test_69991
test_70001
test_70011
test_70021
test_70031
test_70041
test_70051
test_70061
test_70071
test_70081
test_70091
test_70101
test_70111
test_70121
test_70131
test_70141
test_70151
test_70161
test_70171
test_70181
test_70191
test_70201
test_70211
test_70221
test_70231
test_70241
test_70251
test_70261
test_70271
test_70281
test_70291
test_70301
test_70311
test_70321
test_70331
test_70341
test_70351
test_70361
test_70371
test_70381
test_70391
test_70401
test_70411
test_70421
test_70431
test_70441
test_70451
test_70461
test_70471
test_70481
test_70491
test_70501
test_70511
test_70521
test_70531
test_70541
test_70551
test_70561
test_70571
test_70581
test_70591
test_70601
test_70611
test_70621
test_70631
test_70641
test_70651
test_70661
test_70671
test_70681
test_70691
test_70701
test_70711
test_70721
test_70731
test_70741
test_70751
test_70761
test_70771
test_70781
test_70791
test_70801
test_70811
test_70821
test_70831
test_70841
test_70851
test_70861
test_70871
test_70881
test_70891
test_70901
test_70911
test_70921
test_70931
test_70941
test_70951
test_70961
test_70971
test_70981
test_70991
test_71001
test_71011
test_71021
test_71031
test_71041
test_71051
test_71061
test_71071
test_71081
test_71091
test_71101
test_71111
test_71121
test_71131
test_71141
test_71151
test_71161
test_71171
test_71181
test_71191
test_71201
test_71211
test_71221
test_71231
test_71241
test_71251
test_71261
test_71271
test_71281
test_71291
test_71301
test_71311
test_71321
test_71331
test_71341
test_71351
test_71361
test_71371
test_71381
test_71391
test_71401
test_71411
test_71421
test_71431
test_71441
test_71451
test_71461
test_71471
test_71481
test_71491
test_71501
test_71511
test_71521
test_71531
test_71541
test_71551
test_71561
test_71571
test_71581
test_71591
test_71601
test_71611
test_71621
test_71631
test_71641
test_71651
test_71661
test_71671
test_71681
test_71691
test_71701
test_71711
test_71721
test_71731
test_71741
test_71751
test_71761
test_71771
test_71781
test_71791
test_71801
test_71811
test_71821
test_71831
test_71841
test_71851
test_71861
test_71871
test_71881
test_71891
test_71901
test_71911
test_71921
test_71931
test_71941
test_71951
test_71961
test_71971
test_71981
test_71991
test_72001
test_72011
test_72021
test_72031
test_72041
test_72051
test_72061
test_72071
test_72081
test_72091
test_72101
test_72111
test_72121
test_72131
test_72141
test_72151
test_72161
test_72171
test_72181
test_72191
test_72201
test_72211
test_72221
test_72231
test_72241
test_72251
test_72261
test_72271
test_72281
test_72291
test_72301
test_72311
test_72321
test_72331
test_72341
test_72351
test_72361
test_72371
test_72381
test_72391
test_72401
test_72411
test_72421
test_72431
test_72441
test_72451
test_72461
test_72471
test_72481
test_72491
test_72501
test_72511
test_72521
test_72531
test_72541
test_72551
test_72561
test_72571
test_72581
test_72591
test_72601
test_72611
test_72621
test_72631
test_72641
test_72651
test_72661
test_72671
test_72681
test_72691
test_72701
test_72711
test_72721
test_72731
test_72741
test_72751
test_72761
test_72771
test_72781
test_72791
test_72801
test_72811
test_72821
test_72831
test_72841
test_72851
test_72861
test_72871
test_72881
test_72891
test_72901
test_72911
test_72921
test_72931
test_72941
test_72951
test_72961
test_72971
test_72981
test_72991
test_73001
test_73011
test_73021
test_73031
test_73041
test_73051
test_73061
test_73071
test_73081
test_73091
test_73101
test_73111
test_73121
test_73131
test_73141
test_73151
test_73161
test_73171
test_73181
test_73191
test_73201
test_73211
test_73221
test_73231
test_73241
test_73251
test_73261
test_73271
test_73281
test_73291
test_73301
test_73311
test_73321
test_73331
test_73341
test_73351
test_73361
test_73371
test_73381
test_73391
test_73401
test_73411
test_73421
test_73431
test_73441
[...]
test_82001
test_82011
test_82021
test_82031
test_82041
test_82051
test_82061
test_82071
test_82081
test_82091
test_82101
test_82111
test_82121
test_82131
test_82141
test_82151
test_82161
test_82171
test_82181
test_82191
test_82201
test_82211
test_82221
test_82231
test_82241
test_82251
test_82261
test_82271
test_82281
test_82291
test_82301
test_82311
test_82321
test_82331
test_82341
test_82351
test_82361
test_82371
test_82381
test_82391
test_82401
test_82411
test_82421
test_82431
test_82441
test_82451
test_82461
test_82471
test_82481
test_82491
test_82501
test_82511
test_82521
test_82531
test_82541
test_82551
test_82561
test_82571
test_82581
test_82591
test_82601
test_82611
test_82621
test_82631
test_82641
test_82651
test_82661
test_82671
test_82681
test_82691
test_82701
test_82711
test_82721
test_82731
test_82741
test_82751
test_82761
test_82771
test_82781
test_82791
test_82801
test_82811
test_82821
test_82831
test_82841
test_82851
test_82861
test_82871
test_82881
test_82891
test_82901
test_82911
test_82921
test_82931
test_82941
test_82951
test_82961
test_82971
test_82981
test_82991
test_83001
test_83011
test_83021
test_83031
test_83041
test_83051
test_83061
test_83071
test_83081
test_83091
test_83101
test_83111
test_83121
test_83131
test_83141
test_83151
test_83161
test_83171
test_83181
test_83191
test_83201
test_83211
test_83221
test_83231
test_83241
test_83251
test_83261
test_83271
test_83281
test_83291
test_83301
test_83311
test_83321
test_83331
test_83341
test_83351
test_83361
test_83371
test_83381
test_83391
test_83401
test_83411
test_83421
test_83431
test_83441
test_83451
test_83461
test_83471
test_83481
test_83491
test_83501
test_83511
test_83521
test_83531
test_83541
test_83551
test_83561
test_83571
test_83581
test_83591
test_83601
test_83611
test_83621
test_83631
test_83641
test_83651
test_83661
test_83671
test_83681
test_83691
test_83701
test_83711
test_83721
test_83731
test_83741
test_83751
test_83761
test_83771
test_83781
test_83791
test_83801
test_83811
test_83821
test_83831
test_83841
test_83851
test_83861
test_83871
test_83881
test_83891
test_83901
test_83911
test_83921
test_83931
test_83941
test_83951
test_83961
test_83971
test_83981
test_83991
test_84001
test_84011
test_84021
test_84031
test_84041
test_84051
test_84061
test_84071
test_84081
test_84091
test_84101
test_84111
test_84121
test_84131
test_84141
test_84151
test_84161
test_84171
test_84181
test_84191
test_84201
test_84211
test_84221
test_84231
test_84241
test_84251
test_84261
test_84271
test_84281
test_84291
test_84301
test_84311
test_84321
test_84331
test_84341
test_84351
test_84361
test_84371
test_84381
test_84391
test_84401
test_84411
test_84421
test_84431
test_84441
test_84451
test_84461
test_84471
test_84481
test_84491
test_84501
test_84511
test_84521
test_84531
test_84541
test_84551
test_84561
test_84571
test_84581
test_84591
test_84601
test_84611
test_84621
test_84631
test_84641
test_84651
test_84661
test_84671
test_84681
test_84691
test_84701
test_84711
test_84721
test_84731
test_84741
test_84751
test_84761
test_84771
test_84781
test_84791
test_84801
test_84811
test_84821
test_84831
test_84841
test_84851
test_84861
test_84871
test_84881
test_84891
test_84901
test_84911
test_84921
test_84931
test_84941
test_84951
test_84961
test_84971
test_84981
test_84991
test_85001
test_85011
test_85021
test_85031
test_85041
test_85051
test_85061
test_85071
test_85081
test_85091
test_85101
test_85111
test_85121
test_85131
test_85141
test_85151
test_85161
test_85171
test_85181
test_85191
test_85201
test_85211
test_85221
test_85231
test_85241
test_85251
test_85261
test_85271
test_85281
test_85291
test_85301
test_85311
test_85321
test_85331
test_85341
test_85351
test_85361
test_85371
test_85381
test_85391
test_85401
test_85411
test_85421
test_85431
test_85441
test_85451
test_85461
test_85471
test_85481
test_85491
test_85501
test_85511
test_85521
test_85531
test_85541
test_85551
test_85561
test_85571
test_85581
test_85591
test_85601
test_85611
test_85621
test_85631
test_85641
test_85651
test_85661
test_85671
test_85681
test_85691
test_85701
test_85711
test_85721
test_85731
test_85741
test_85751
test_85761
test_85771
test_85781
test_85791
test_85801
test_85811
test_85821
test_85831
test_85841
test_85851
test_85861
test_85871
test_85881
test_85891
test_85901
test_85911
test_85921
test_85931
test_85941
test_85951
test_85961
test_85971
test_85981
test_85991
test_86001
test_86011
test_86021
test_86031
test_86041
test_86051
test_86061
test_86071
test_86081
test_86091
test_86101
test_86111
test_86121
test_86131
test_86141
test_86151
test_86161
test_86171
test_86181
test_86191
test_86201
test_86211
test_86221
test_86231
test_86241
test_86251
test_86261
test_86271
test_86281
test_86291
test_86301
test_86311
test_86321
test_86331
test_86341
test_86351
test_86361
test_86371
test_86381
test_86391
test_86401
test_86411
test_86421
test_86431
test_86441
test_86451
test_86461
test_86471
test_86481
test_86491
test_86501
test_86511
test_86521
test_86531
test_86541
test_86551
test_86561
test_86571
test_86581
test_86591
test_86601
test_86611
test_86621
test_86631
test_86641
test_86651
test_86661
test_86671
test_86681
test_86691
test_86701
test_86711
test_86721
test_86731
test_86741
test_86751
test_86761
test_86771
test_86781
test_86791
test_86801
test_86811
test_86821
test_86831
test_86841
test_86851
test_86861
test_86871
test_86881
test_86891
test_86901
test_86911
test_86921
test_86931
test_86941
test_86951
test_86961
test_86971
test_86981
test_86991
test_87001
test_87011
test_87021
test_87031
test_87041
test_87051
test_87061
test_87071
test_87081
test_87091
test_87101
test_87111
test_87121
test_87131
test_87141
test_87151
test_87161
test_87171
test_87181
test_87191
test_87201
test_87211
test_87221
test_87231
test_87241
test_87251
test_87261
test_87271
test_87281
test_87291
test_87301
test_87311
test_87321
test_87331
test_87341
test_87351
test_87361
test_87371
test_87381
test_87391
test_87401
test_87411
test_87421
test_87431
test_87441
test_87451
test_87461
test_87471
test_87481
test_87491
test_87501
test_87511
test_87521
test_87531
test_87541
test_87551
test_87561
test_87571
test_87581
test_87591
test_87601
test_87611
test_87621
test_87631
test_87641
test_87651
test_87661
test_87671
test_87681
test_87691
test_87701
test_87711
test_87721
test_87731
test_87741
test_87751
test_87761
test_87771
test_87781
test_87791
test_87801
test_87811
test_87821
test_87831
test_87841
test_87851
test_87861
test_87871
test_87881
test_87891
test_87901
test_87911
test_87921
test_87931
test_87941
test_87951
test_87961
test_87971
test_87981
test_87991
test_88001
test_88011
test_88021
test_88031
test_88041
test_88051
test_88061
test_88071
test_88081
test_88091
test_88101
test_88111
test_88121
test_88131
test_88141
test_88151
test_88161
test_88171
test_88181
test_88191
test_88201
test_88211
test_88221
test_88231
test_88241
test_88251
test_88261
test_88271
test_88281
test_88291
test_88301
test_88311
test_88321
test_88331
test_88341
test_88351
test_88361
test_88371
test_88381
test_88391
test_88401
test_88411
test_88421
test_88431
test_88441
test_88451
test_88461
test_88471
test_88481
test_88491
test_88501
test_88511
test_88521
test_88531
test_88541
test_88551
test_88561
test_88571
test_88581
test_88591
test_88601
test_88611
test_88621
test_88631
test_88641
test_88651
test_88661
test_88671
test_88681
test_88691
test_88701
test_88711
test_88721
test_88731
test_88741
test_88751
test_88761
test_88771
test_88781
test_88791
test_88801
test_88811
test_88821
test_88831
test_88841
test_88851
test_88861
test_88871
test_88881
test_88891
test_88901
test_88911
test_88921
test_88931
test_88941
test_88951
test_88961
test_88971
test_88981
test_88991
test_89001
test_89011
test_89021
test_89031
test_89041
test_89051
test_89061
test_89071
test_89081
test_89091
test_89101
test_89111
test_89121
test_89131
test_89141
test_89151
test_89161
test_89171
test_89181
test_89191
test_89201
test_89211
test_89221
test_89231
test_89241
test_89251
test_89261
test_89271
test_89281
test_89291
test_89301
test_89311
test_89321
test_89331
test_89341
test_89351
test_89361
test_89371
test_89381
test_89391
test_89401
test_89411
test_89421
test_89431
test_89441
test_89451
test_89461
test_89471
test_89481
test_89491
test_89501
test_89511
test_89521
test_89531
test_89541
test_89551
test_89561
test_89571
test_89581
test_89591
test_89601
test_89611
test_89621
test_89631
test_89641
test_89651
test_89661
test_89671
test_89681
test_89691
test_89701
test_89711
test_89721
test_89731
test_89741
test_89751
test_89761
test_89771
test_89781
test_89791
test_89801
test_89811
test_89821
test_89831
test_89841
test_89851
test_89861
test_89871
test_89881
test_89891
test_89901
test_89911
test_89921
test_89931
test_89941
test_89951
test_89961
test_89971
test_89981
test_89991
test_90001
test_90011
test_90021
test_90031
test_90041
test_90051
test_90061
test_90071
test_90081
test_90091
test_90101
test_90111
test_90121
test_90131
test_90141
test_90151
test_90161
test_90171
test_90181
test_90191
test_90201
test_90211
test_90221
test_90231
test_90241
test_90251
test_90261
test_90271
test_90281
test_90291
test_90301
test_90311
test_90321
test_90331
test_90341
test_90351
test_90361
test_90371
test_90381
test_90391
test_90401
test_90411
test_90421
test_90431
test_90441
test_90451
test_90461
test_90471
test_90481
test_90491
test_90501
test_90511
test_90521
test_90531
test_90541
test_90551
test_90561
test_90571
test_90581
test_90591
test_90601
test_90611
test_90621
test_90631
test_90641
test_90651
test_90661
test_90671
test_90681
test_90691
test_90701
test_90711
test_90721
test_90731
test_90741
test_90751
test_90761
test_90771
test_90781
test_90791
test_90801
test_90811
test_90821
test_90831
test_90841
test_90851
test_90861
test_90871
test_90881
test_90891
test_90901
test_90911
test_90921
test_90931
test_90941
test_90951
test_90961
test_90971
test_90981
test_90991
test_91001
test_91011
test_91021
test_91031
test_91041
test_91051
test_91061
test_91071
test_91081
test_91091
test_91101
test_91111
test_91121
test_91131
test_91141
test_91151
test_91161
test_91171
test_91181
test_91191
test_91201
test_91211
test_91221
test_91231
test_91241
test_91251
test_91261
test_91271
test_91281
test_91291
test_91301
test_91311
test_91321
test_91331
test_91341
test_91351
test_91361
test_91371
test_91381
test_91391
test_91401
test_91411
test_91421
test_91431
test_91441
test_91451
test_91461
test_91471
test_91481
test_91491
test_91501
test_91511
test_91521
test_91531
test_91541
test_91551
test_91561
test_91571
test_91581
test_91591
test_91601
test_91611
test_91621
test_91631
test_91641
test_91651
test_91661
test_91671
test_91681
test_91691
test_91701
test_91711
test_91721
test_91731
test_91741
test_91751
test_91761
test_91771
test_91781
test_91791
test_91801
test_91811
test_91821
test_91831
test_91841
test_91851
test_91861
test_91871
test_91881
test_91891
test_91901
test_91911
test_91921
test_91931
test_91941
test_91951
test_91961
test_91971
test_91981
test_91991
test_92001
test_92011
test_92021
test_92031
test_92041
test_92051
test_92061
test_92071
test_92081
test_92091
test_92101
test_92111
test_92121
test_92131
test_92141
test_92151
test_92161
test_92171
test_92181
test_92191
test_92201
test_92211
test_92221
test_92231
test_92241
test_92251
test_92261
test_92271
test_92281
test_92291
test_92301
test_92311
test_92321
test_92331
test_92341
test_92351
test_92361
test_92371
test_92381
test_92391
test_92401
test_92411
test_92421
test_92431
test_92441
test_92451
test_92461
test_92471
test_92481
test_92491
test_92501
test_92511
test_92521
test_92531
test_92541
test_92551
test_92561
test_92571
test_92581
test_92591
test_92601
test_92611
test_92621
test_92631
test_92641
test_92651
test_92661
test_92671
test_92681
test_92691
test_92701
test_92711
test_92721
test_92731
test_92741
test_92751
test_92761
test_92771
test_92781
test_92791
test_92801
test_92811
test_92821
test_92831
test_92841
test_92851
test_92861
test_92871
test_92881
test_92891
test_92901
test_92911
test_92921
test_92931
test_92941
test_92951
test_92961
test_92971
test_92981
test_92991
test_93001
test_93011
test_93021
test_93031
test_93041
test_93051
test_93061
test_93071
test_93081
test_93091
test_93101
test_93111
test_93121
test_93131
test_93141
test_93151
test_93161
test_93171
test_93181
test_93191
test_93201
test_93211
test_93221
test_93231
test_93241
test_93251
test_93261
test_93271
test_93281
test_93291
test_93301
test_93311
test_93321
test_93331
test_93341
test_93351
test_93361
test_93371
test_93381
test_93391
test_93401
test_93411
test_93421
test_93431
test_93441
test_93451
test_93461
test_93471
test_93481
test_93491
test_93501
test_93511
test_93521
test_93531
test_93541
test_93551
test_93561
test_93571
test_93581
test_93591
test_93601
test_93611
test_93621
test_93631
test_93641
test_93651
test_93661
test_93671
test_93681
test_93691
test_93701
test_93711
test_93721
test_93731
test_93741
test_93751
test_93761
test_93771
test_93781
test_93791
test_93801
test_93811
test_93821
test_93831
test_93841
test_93851
test_93861
test_93871
test_93881
test_93891
test_93901
test_93911
test_93921
test_93931
test_93941
test_93951
test_93961
test_93971
test_93981
test_93991
test_94001
test_94011
test_94021
test_94031
test_94041
test_94051
test_94061
test_94071
test_94081
test_94091
test_94101
test_94111
test_94121
test_94131
test_94141
test_94151
test_94161
test_94171
test_94181
test_94191
test_94201
test_94211
test_94221
test_94231
test_94241
test_94251
test_94261
test_94271
test_94281
test_94291
test_94301
test_94311
test_94321
test_94331
test_94341
test_94351
test_94361
test_94371
test_94381
test_94391
test_94401
test_94411
test_94421
test_94431
test_94441
test_94451
test_94461
test_94471
test_94481
test_94491
test_94501
test_94511
test_94521
test_94531
test_94541
test_94551
test_94561
test_94571
test_94581
test_94591
test_94601
test_94611
test_94621
test_94631
test_94641
test_94651
test_94661
test_94671
test_94681
test_94691
test_94701
test_94711
test_94721
test_94731
test_94741
test_94751
test_94761
test_94771
test_94781
test_94791
test_94801
test_94811
test_94821
test_94831
test_94841
test_94851
test_94861
test_94871
test_94881
test_94891
test_94901
test_94911
test_94921
test_94931
test_94941
test_94951
test_94961
test_94971
test_94981
test_94991
test_95001
test_95011
test_95021
test_95031
test_95041
test_95051
test_95061
test_95071
test_95081
test_95091
test_95101
test_95111
test_95121
test_95131
test_95141
test_95151
test_95161
test_95171
test_95181
test_95191
test_95201
test_95211
test_95221
test_95231
test_95241
test_95251
test_95261
test_95271
test_95281
test_95291
test_95301
test_95311
test_95321
test_95331
test_95341
test_95351
test_95361
test_95371
test_95381
test_95391
test_95401
test_95411
test_95421
test_95431
test_95441
test_95451
test_95461
test_95471
test_95481
test_95491
test_95501
test_95511
test_95521
test_95531
test_95541
test_95551
test_95561
test_95571
test_95581
test_95591
test_95601
test_95611
test_95621
test_95631
test_95641
test_95651
test_95661
test_95671
test_95681
test_95691
test_95701
test_95711
test_95721
test_95731
test_95741
test_95751
test_95761
test_95771
test_95781
test_95791
test_95801
test_95811
test_95821
test_95831
test_95841
test_95851
test_95861
test_95871
test_95881
test_95891
test_95901
test_95911
test_95921
test_95931
test_95941
test_95951
test_95961
test_95971
test_95981
test_95991
test_96001
test_96011
test_96021
test_96031
test_96041
test_96051
test_96061
test_96071
test_96081
test_96091
test_96101
test_96111
test_96121
test_96131
test_96141
test_96151
test_96161
test_96171
test_96181
test_96191
test_96201
test_96211
test_96221
test_96231
test_96241
test_96251
test_96261
test_96271
test_96281
test_96291
test_96301
test_96311
test_96321
test_96331
test_96341
test_96351
test_96361
test_96371
test_96381
test_96391
test_96401
test_96411
test_96421
test_96431
test_96441
test_96451
test_96461
test_96471
test_96481
test_96491
test_96501
test_96511
test_96521
test_96531
test_96541
test_96551
test_96561
test_96571
test_96581
test_96591
test_96601
test_96611
test_96621
test_96631
test_96641
test_96651
test_96661
test_96671
test_96681
test_96691
test_96701
test_96711
test_96721
test_96731
test_96741
test_96751
test_96761
test_96771
test_96781
test_96791
test_96801
test_96811
test_96821
test_96831
test_96841
test_96851
test_96861
test_96871
test_96881
test_96891
test_96901
test_96911
test_96921
test_96931
test_96941
test_96951
test_96961
test_96971
test_96981
test_96991
test_97001
test_97011
test_97021
test_97031
test_97041
test_97051
test_97061
test_97071
test_97081
test_97091
test_97101
test_97111
test_97121
test_97131
test_97141
test_97151
test_97161
test_97171
test_97181
test_97191
test_97201
test_97211
test_97221
test_97231
test_97241
test_97251
test_97261
test_97271
test_97281
test_97291
test_97301
test_97311
test_97321
test_97331
test_97341
test_97351
test_97361
test_97371
test_97381
test_97391
test_97401
test_97411
test_97421
test_97431
test_97441
test_97451
test_97461
test_97471
test_97481
test_97491
test_97501
test_97511
test_97521
test_97531
test_97541
test_97551
test_97561
test_97571
test_97581
test_97591
test_97601
test_97611
test_97621
test_97631
test_97641
test_97651
test_97661
test_97671
test_97681
test_97691
test_97701
test_97711
test_97721
test_97731
test_97741
test_97751
test_97761
test_97771
test_97781
test_97791
test_97801
test_97811
test_97821
test_97831
test_97841
test_97851
test_97861
test_97871
test_97881
test_97891
test_97901
test_97911
test_97921
test_97931
test_97941
test_97951
test_97961
test_97971
test_97981
test_97991
test_98001
test_98011
test_98021
test_98031
test_98041
test_98051
test_98061
test_98071
test_98081
test_98091
test_98101
test_98111
test_98121
test_98131
test_98141
test_98151
test_98161
test_98171
test_98181
test_98191
test_98201
test_98211
test_98221
test_98231
test_98241
test_98251
test_98261
test_98271
test_98281
test_98291
test_98301
test_98311
test_98321
test_98331
test_98341
test_98351
test_98361
test_98371
test_98381
test_98391
test_98401
test_98411
test_98421
test_98431
test_98441
test_98451
test_98461
test_98471
test_98481
test_98491
test_98501
test_98511
test_98521
test_98531
test_98541
test_98551
test_98561
test_98571
test_98581
test_98591
test_98601
test_98611
test_98621
test_98631
test_98641
test_98651
test_98661
test_98671
test_98681
test_98691
test_98701
test_98711
test_98721
test_98731
test_98741
test_98751
test_98761
test_98771
test_98781
test_98791
test_98801
test_98811
test_98821
test_98831
test_98841
test_98851
test_98861
test_98871
test_98881
test_98891
test_98901
test_98911
test_98921
test_98931
test_98941
test_98951
test_98961
test_98971
test_98981
test_98991
test_99001
test_99011
test_99021
test_99031
test_99041
test_99051
test_99061
test_99071
test_99081
test_99091
test_99101
test_99111
test_99121
test_99131
test_99141
test_99151
test_99161
test_99171
test_99181
test_99191
test_99201
test_99211
test_99221
test_99231
test_99241
test_99251
test_99261
test_99271
test_99281
test_99291
test_99301
test_99311
test_99321
test_99331
test_99341
test_99351
test_99361
test_99371
test_99381
test_99391
test_99401
test_99411
test_99421
test_99431
test_99441
test_99451
test_99461
test_99471
test_99481
test_99491
test_99501
test_99511
test_99521
test_99531
test_99541
test_99551
test_99561
test_99571
test_99581
test_99591
test_99601
test_99611
test_99621
test_99631
test_99641
test_99651
test_99661
test_99671
test_99681
test_99691
test_99701
test_99711
test_99721
test_99731
test_99741
test_99751
test_99761
test_99771
test_99781
test_99791
test_99801
test_99811
test_99821
test_99831
test_99841
test_99851
test_99861
test_99871
test_99881
test_99891
test_99901
test_99911
test_99921
test_99931
test_99941
test_99951
test_99961
test_99971
test_99981
test_99991
]]></system-out>
  <system-err><![CDATA[ERROR StatusLogger No log4j2 configuration file found. Using default configuration: logging only errors to the console.
]]></system-err>
</testsuite>
